#
# A fatal error has been detected by the Java Runtime Environment:
#
#  SIGBUS (0xa) at pc=0x000000010588a424, pid=95073, tid=34819
#
# JRE version: OpenJDK Runtime Environment Zulu15.36+13-CA (15.0.5+3) (build 15.0.5+3-MTS)
# Java VM: OpenJDK 64-Bit Server VM Zulu15.36+13-CA (15.0.5+3-MTS, mixed mode, tiered, compressed oops, g1 gc, bsd-aarch64)
# Problematic frame:
# V  [libjvm.dylib+0x88a424]  _ZN21MarkActivationClosure12do_code_blobEP8CodeBlob+0x3c
#
# No core dump will be written. Core dumps have been disabled. To enable core dumping, try "ulimit -c unlimited" before starting Java again
#
# If you would like to submit a bug report, please visit:
#   http://www.azul.com/support/
#

---------------  S U M M A R Y ------------

Command Line: -agentlib:jdwp=transport=dt_socket,address=127.0.0.1:58022,suspend=y,server=n -javaagent:/Users/tabismacbook/Library/Caches/JetBrains/IdeaIC2021.3/captureAgent/debugger-agent.jar -Dfile.encoding=UTF-8 com.oldsailor.customerSrv.CustomerSrvApplicationKt

Host: MacBookPro17,1 arm64 1 MHz, 8 cores, 16G, Darwin 20.6.0
Time: Sat Jul 30 13:43:10 2022 PKT elapsed time: 3.227682 seconds (0d 0h 0m 3s)

---------------  T H R E A D  ---------------

Current thread (0x00000001468f6e00):  JavaThread "restartedMain" [_thread_in_vm, id=34819, stack(0x0000000172ecc000,0x00000001730cf000)]

Stack: [0x0000000172ecc000,0x00000001730cf000],  sp=0x00000001730ca680,  free space=2041k
Native frames: (J=compiled Java code, A=aot compiled Java code, j=interpreted, Vv=VM code, C=native code)
V  [libjvm.dylib+0x88a424]  _ZN21MarkActivationClosure12do_code_blobEP8CodeBlob+0x3c
V  [libjvm.dylib+0x8c5c68]  _ZN10JavaThread11nmethods_doEP15CodeBlobClosure+0x80
V  [libjvm.dylib+0x389c0c]  _ZN14HandshakeState18process_self_innerEv+0x170
V  [libjvm.dylib+0x79dd6c]  _ZN18SafepointMechanism23block_if_requested_slowEP10JavaThread+0x74
V  [libjvm.dylib+0x8c5334]  _ZN10JavaThread44check_safepoint_and_suspend_for_native_transEPS_+0x58
V  [libjvm.dylib+0x555bb8]  _ZL25jvmti_RawMonitorNotifyAllP9_jvmtiEnvP14_jrawMonitorID+0x104
C  [libjdwp.dylib+0x29ee8]  debugMonitorNotifyAll+0x30
C  [libjdwp.dylib+0x19868]  enqueueCommand+0x108
C  [libjdwp.dylib+0x1966c]  eventHelper_reportEvents+0xd0
C  [libjdwp.dylib+0x184f4]  reportEvents+0x210
C  [libjdwp.dylib+0x17ff8]  event_callback+0x3cc
C  [libjdwp.dylib+0x15934]  cbClassPrepare+0xc0
V  [libjvm.dylib+0x5a3e0c]  _ZN11JvmtiExport18post_class_prepareEP10JavaThreadP5Klass+0x2c8
V  [libjvm.dylib+0x3c1ea8]  _ZN13InstanceKlass15link_class_implEP6Thread+0x3c8
V  [libjvm.dylib+0x3c1f94]  _ZN13InstanceKlass15initialize_implEP6Thread+0x58
V  [libjvm.dylib+0x3d6d70]  _ZN18InterpreterRuntime4_newEP10JavaThreadP12ConstantPooli+0xa8
j  org.springframework.data.web.config.SpringDataWebConfiguration.sortResolver()Lorg/springframework/data/web/SortHandlerMethodArgumentResolver;+0
v  ~StubRoutines::call_stub
V  [libjvm.dylib+0x3e0588]  _ZN9JavaCalls11call_helperEP9JavaValueRK12methodHandleP17JavaCallArgumentsP6Thread+0x324
V  [libjvm.dylib+0x782348]  _ZL6invokeP13InstanceKlassRK12methodHandle6Handleb14objArrayHandle9BasicTypeS5_bP6Thread+0x724
V  [libjvm.dylib+0x781bac]  _ZN10Reflection13invoke_methodEP7oopDesc6Handle14objArrayHandleP6Thread+0x134
V  [libjvm.dylib+0x4922f8]  JVM_InvokeMethod+0x364
J 2502  jdk.internal.reflect.NativeMethodAccessorImpl.invoke0(Ljava/lang/reflect/Method;Ljava/lang/Object;[Ljava/lang/Object;)Ljava/lang/Object; java.base@15.0.5 (0 bytes) @ 0x0000000114f9ed70 [0x0000000114f9ecc0+0x00000000000000b0]
C  0x0000000136198a4c

Java frames: (J=compiled Java code, j=interpreted, Vv=VM code)
j  org.springframework.data.web.config.SpringDataWebConfiguration.sortResolver()Lorg/springframework/data/web/SortHandlerMethodArgumentResolver;+0
v  ~StubRoutines::call_stub
J 2502  jdk.internal.reflect.NativeMethodAccessorImpl.invoke0(Ljava/lang/reflect/Method;Ljava/lang/Object;[Ljava/lang/Object;)Ljava/lang/Object; java.base@15.0.5 (0 bytes) @ 0x0000000114f9ed74 [0x0000000114f9ecc0+0x00000000000000b4]
J 2501 c1 jdk.internal.reflect.NativeMethodAccessorImpl.invoke(Ljava/lang/Object;[Ljava/lang/Object;)Ljava/lang/Object; java.base@15.0.5 (117 bytes) @ 0x000000010de866f0 [0x000000010de863c0+0x0000000000000330]
J 2249 c1 jdk.internal.reflect.DelegatingMethodAccessorImpl.invoke(Ljava/lang/Object;[Ljava/lang/Object;)Ljava/lang/Object; java.base@15.0.5 (10 bytes) @ 0x000000010de23514 [0x000000010de233c0+0x0000000000000154]
J 2542 c1 java.lang.reflect.Method.invoke(Ljava/lang/Object;[Ljava/lang/Object;)Ljava/lang/Object; java.base@15.0.5 (65 bytes) @ 0x000000010de93c44 [0x000000010de93b00+0x0000000000000144]
j  org.springframework.beans.factory.support.SimpleInstantiationStrategy.instantiate(Lorg/springframework/beans/factory/support/RootBeanDefinition;Ljava/lang/String;Lorg/springframework/beans/factory/BeanFactory;Ljava/lang/Object;Ljava/lang/reflect/Method;[Ljava/lang/Object;)Ljava/lang/Object;+50
j  org.springframework.beans.factory.support.ConstructorResolver.instantiate(Ljava/lang/String;Lorg/springframework/beans/factory/support/RootBeanDefinition;Ljava/lang/Object;Ljava/lang/reflect/Method;[Ljava/lang/Object;)Ljava/lang/Object;+48
j  org.springframework.beans.factory.support.ConstructorResolver.instantiateUsingFactoryMethod(Ljava/lang/String;Lorg/springframework/beans/factory/support/RootBeanDefinition;[Ljava/lang/Object;)Lorg/springframework/beans/BeanWrapper;+486
j  org.springframework.beans.factory.support.AbstractAutowireCapableBeanFactory.instantiateUsingFactoryMethod(Ljava/lang/String;Lorg/springframework/beans/factory/support/RootBeanDefinition;[Ljava/lang/Object;)Lorg/springframework/beans/BeanWrapper;+11
j  org.springframework.beans.factory.support.AbstractAutowireCapableBeanFactory.createBeanInstance(Ljava/lang/String;Lorg/springframework/beans/factory/support/RootBeanDefinition;[Ljava/lang/Object;)Lorg/springframework/beans/BeanWrapper;+102
j  org.springframework.beans.factory.support.AbstractAutowireCapableBeanFactory.doCreateBean(Ljava/lang/String;Lorg/springframework/beans/factory/support/RootBeanDefinition;[Ljava/lang/Object;)Ljava/lang/Object;+34
j  org.springframework.beans.factory.support.AbstractAutowireCapableBeanFactory.createBean(Ljava/lang/String;Lorg/springframework/beans/factory/support/RootBeanDefinition;[Ljava/lang/Object;)Ljava/lang/Object;+169
j  org.springframework.beans.factory.support.AbstractBeanFactory.lambda$doGetBean$0(Ljava/lang/String;Lorg/springframework/beans/factory/support/RootBeanDefinition;[Ljava/lang/Object;)Ljava/lang/Object;+4
j  org.springframework.beans.factory.support.AbstractBeanFactory$$Lambda$274+0x0000000300283358.getObject()Ljava/lang/Object;+16
j  org.springframework.beans.factory.support.DefaultSingletonBeanRegistry.getSingleton(Ljava/lang/String;Lorg/springframework/beans/factory/ObjectFactory;)Ljava/lang/Object;+132
J 3296 c1 org.springframework.beans.factory.support.AbstractBeanFactory.doGetBean(Ljava/lang/String;Ljava/lang/Class;[Ljava/lang/Object;Z)Ljava/lang/Object; (832 bytes) @ 0x000000010e045d2c [0x000000010e043e80+0x0000000000001eac]
J 2815 c1 org.springframework.beans.factory.support.AbstractBeanFactory.getBean(Ljava/lang/String;Ljava/lang/Class;)Ljava/lang/Object; (9 bytes) @ 0x000000010df40408 [0x000000010df402c0+0x0000000000000148]
j  org.springframework.context.support.AbstractApplicationContext.getBean(Ljava/lang/String;Ljava/lang/Class;)Ljava/lang/Object;+10
j  org.springframework.data.web.config.SpringDataWebConfiguration.lambda$new$0(Lorg/springframework/context/ApplicationContext;)Lorg/springframework/data/web/SortHandlerMethodArgumentResolver;+5
j  org.springframework.data.web.config.SpringDataWebConfiguration$$Lambda$893+0x00000003007ec550.get()Ljava/lang/Object;+4
J 6077 c1 org.springframework.data.util.Lazy.get()Ljava/lang/Object; (21 bytes) @ 0x000000010e507bf8 [0x000000010e507b40+0x00000000000000b8]
j  org.springframework.data.web.config.SpringDataWebConfiguration.addArgumentResolvers(Ljava/util/List;)V+5
j  org.springframework.web.servlet.config.annotation.WebMvcConfigurerComposite.addArgumentResolvers(Ljava/util/List;)V+31
j  org.springframework.web.servlet.config.annotation.DelegatingWebMvcConfiguration.addArgumentResolvers(Ljava/util/List;)V+5
j  org.springframework.web.servlet.config.annotation.WebMvcConfigurationSupport.getArgumentResolvers()Ljava/util/List;+23
j  org.springframework.web.servlet.config.annotation.WebMvcConfigurationSupport.requestMappingHandlerAdapter(Lorg/springframework/web/accept/ContentNegotiationManager;Lorg/springframework/format/support/FormattingConversionService;Lorg/springframework/validation/Validator;)Lorg/springframework/web/servlet/mvc/method/annotation/RequestMappingHandlerAdapter;+35
j  org.springframework.boot.autoconfigure.web.servlet.WebMvcAutoConfiguration$EnableWebMvcConfiguration.requestMappingHandlerAdapter(Lorg/springframework/web/accept/ContentNegotiationManager;Lorg/springframework/format/support/FormattingConversionService;Lorg/springframework/validation/Validator;)Lorg/springframework/web/servlet/mvc/method/annotation/RequestMappingHandlerAdapter;+4
v  ~StubRoutines::call_stub
J 2502  jdk.internal.reflect.NativeMethodAccessorImpl.invoke0(Ljava/lang/reflect/Method;Ljava/lang/Object;[Ljava/lang/Object;)Ljava/lang/Object; java.base@15.0.5 (0 bytes) @ 0x0000000114f9ed74 [0x0000000114f9ecc0+0x00000000000000b4]
J 2501 c1 jdk.internal.reflect.NativeMethodAccessorImpl.invoke(Ljava/lang/Object;[Ljava/lang/Object;)Ljava/lang/Object; java.base@15.0.5 (117 bytes) @ 0x000000010de866f0 [0x000000010de863c0+0x0000000000000330]
J 2249 c1 jdk.internal.reflect.DelegatingMethodAccessorImpl.invoke(Ljava/lang/Object;[Ljava/lang/Object;)Ljava/lang/Object; java.base@15.0.5 (10 bytes) @ 0x000000010de23514 [0x000000010de233c0+0x0000000000000154]
J 2542 c1 java.lang.reflect.Method.invoke(Ljava/lang/Object;[Ljava/lang/Object;)Ljava/lang/Object; java.base@15.0.5 (65 bytes) @ 0x000000010de93c44 [0x000000010de93b00+0x0000000000000144]
j  org.springframework.beans.factory.support.SimpleInstantiationStrategy.instantiate(Lorg/springframework/beans/factory/support/RootBeanDefinition;Ljava/lang/String;Lorg/springframework/beans/factory/BeanFactory;Ljava/lang/Object;Ljava/lang/reflect/Method;[Ljava/lang/Object;)Ljava/lang/Object;+50
j  org.springframework.beans.factory.support.ConstructorResolver.instantiate(Ljava/lang/String;Lorg/springframework/beans/factory/support/RootBeanDefinition;Ljava/lang/Object;Ljava/lang/reflect/Method;[Ljava/lang/Object;)Ljava/lang/Object;+48
j  org.springframework.beans.factory.support.ConstructorResolver.instantiateUsingFactoryMethod(Ljava/lang/String;Lorg/springframework/beans/factory/support/RootBeanDefinition;[Ljava/lang/Object;)Lorg/springframework/beans/BeanWrapper;+1535
j  org.springframework.beans.factory.support.AbstractAutowireCapableBeanFactory.instantiateUsingFactoryMethod(Ljava/lang/String;Lorg/springframework/beans/factory/support/RootBeanDefinition;[Ljava/lang/Object;)Lorg/springframework/beans/BeanWrapper;+11
j  org.springframework.beans.factory.support.AbstractAutowireCapableBeanFactory.createBeanInstance(Ljava/lang/String;Lorg/springframework/beans/factory/support/RootBeanDefinition;[Ljava/lang/Object;)Lorg/springframework/beans/BeanWrapper;+102
j  org.springframework.beans.factory.support.AbstractAutowireCapableBeanFactory.doCreateBean(Ljava/lang/String;Lorg/springframework/beans/factory/support/RootBeanDefinition;[Ljava/lang/Object;)Ljava/lang/Object;+34
j  org.springframework.beans.factory.support.AbstractAutowireCapableBeanFactory.createBean(Ljava/lang/String;Lorg/springframework/beans/factory/support/RootBeanDefinition;[Ljava/lang/Object;)Ljava/lang/Object;+169
j  org.springframework.beans.factory.support.AbstractBeanFactory.lambda$doGetBean$0(Ljava/lang/String;Lorg/springframework/beans/factory/support/RootBeanDefinition;[Ljava/lang/Object;)Ljava/lang/Object;+4
j  org.springframework.beans.factory.support.AbstractBeanFactory$$Lambda$274+0x0000000300283358.getObject()Ljava/lang/Object;+16
j  org.springframework.beans.factory.support.DefaultSingletonBeanRegistry.getSingleton(Ljava/lang/String;Lorg/springframework/beans/factory/ObjectFactory;)Ljava/lang/Object;+132
J 3296 c1 org.springframework.beans.factory.support.AbstractBeanFactory.doGetBean(Ljava/lang/String;Ljava/lang/Class;[Ljava/lang/Object;Z)Ljava/lang/Object; (832 bytes) @ 0x000000010e045d2c [0x000000010e043e80+0x0000000000001eac]
J 7343 c1 org.springframework.beans.factory.support.AbstractBeanFactory.getBean(Ljava/lang/String;)Ljava/lang/Object; (9 bytes) @ 0x000000010e78f5dc [0x000000010e78f540+0x000000000000009c]
j  org.springframework.beans.factory.support.DefaultListableBeanFactory.preInstantiateSingletons()V+248
j  org.springframework.context.support.AbstractApplicationContext.finishBeanFactoryInitialization(Lorg/springframework/beans/factory/config/ConfigurableListableBeanFactory;)V+124
j  org.springframework.context.support.AbstractApplicationContext.refresh()V+86
j  org.springframework.boot.web.servlet.context.ServletWebServerApplicationContext.refresh()V+1
j  org.springframework.boot.SpringApplication.refresh(Lorg/springframework/context/ConfigurableApplicationContext;)V+1
j  org.springframework.boot.SpringApplication.refreshContext(Lorg/springframework/context/ConfigurableApplicationContext;)V+16
j  org.springframework.boot.SpringApplication.run([Ljava/lang/String;)Lorg/springframework/context/ConfigurableApplicationContext;+111
j  org.springframework.boot.SpringApplication.run([Ljava/lang/Class;[Ljava/lang/String;)Lorg/springframework/context/ConfigurableApplicationContext;+9
j  org.springframework.boot.SpringApplication.run(Ljava/lang/Class;[Ljava/lang/String;)Lorg/springframework/context/ConfigurableApplicationContext;+9
j  com.oldsailor.customerSrv.CustomerSrvApplicationKt.main([Ljava/lang/String;)V+29
v  ~StubRoutines::call_stub
j  jdk.internal.reflect.NativeMethodAccessorImpl.invoke0(Ljava/lang/reflect/Method;Ljava/lang/Object;[Ljava/lang/Object;)Ljava/lang/Object;+0 java.base@15.0.5
j  jdk.internal.reflect.NativeMethodAccessorImpl.invoke(Ljava/lang/Object;[Ljava/lang/Object;)Ljava/lang/Object;+113 java.base@15.0.5
j  jdk.internal.reflect.DelegatingMethodAccessorImpl.invoke(Ljava/lang/Object;[Ljava/lang/Object;)Ljava/lang/Object;+6 java.base@15.0.5
j  java.lang.reflect.Method.invoke(Ljava/lang/Object;[Ljava/lang/Object;)Ljava/lang/Object;+59 java.base@15.0.5
j  org.springframework.boot.devtools.restart.RestartLauncher.run()V+42
v  ~StubRoutines::call_stub

siginfo: si_signo: 10 (SIGBUS), si_code: 1 (BUS_ADRALN), si_addr: 0x0000000114f9ec58

Register to memory mapping:

 x0=0x0000000105b540e8: _MergedGlobals+0 in /Users/tabismacbook/Library/Java/JavaVirtualMachines/azul-15.0.5/Contents/Home/lib/server/libjvm.dylib at 0x0000000105000000
 x1=0x0000000114f9eb10 is at entry_point+-432 in (nmethod*)0x0000000114f9eb10
 x2=0x000000010588a3e8: _ZN21MarkActivationClosure12do_code_blobEP8CodeBlob+0 in /Users/tabismacbook/Library/Java/JavaVirtualMachines/azul-15.0.5/Contents/Home/lib/server/libjvm.dylib at 0x0000000105000000
 x3=0x0000000fffffc088 points into unknown readable memory: 0x0000048b2d1ba78b | 8b a7 1b 2d 8b 04 00 00
 x4=0x0000000134ba2b80 points into unknown readable memory: 0x0000000000000000 | 00 00 00 00 00 00 00 00
 x5=0x0000000000000010 is an unknown value
 x6=0x0 is NULL
 x7=0x0000000134e1a020 points into unknown readable memory: 0x0000000134e1c280 | 80 c2 e1 34 01 00 00 00
 x8=0x0000000105b00000: _ZN12StubRoutines10_jint_fillE+0 in /Users/tabismacbook/Library/Java/JavaVirtualMachines/azul-15.0.5/Contents/Home/lib/server/libjvm.dylib at 0x0000000105000000
 x9=0x00000000000001e0 is an unknown value
x10=0x0000000000001bd6 is an unknown value
x11=0x0000000100a34000 points into unknown readable memory: 0x0100050403020100 | 00 01 02 03 04 05 00 01
x12=0x0000000000001bd6 is an unknown value
x13=0x0 is NULL
x14=0x000000000000007a is an unknown value
x15=0x00000001730cacd8 is pointing into the stack for thread: 0x00000001468f6e00
x16=0x0 is NULL
x17=0x000000014607e080 points into unknown readable memory: 0x0000000000000000 | 00 00 00 00 00 00 00 00
x18=0x0 is NULL
x19=0x0000000114f9eb10 is at entry_point+-432 in (nmethod*)0x0000000114f9eb10
x20=0x00000001468f6e00 is a thread
x21=0x00000001730ca6d0 is pointing into the stack for thread: 0x00000001468f6e00
x22=0x0000000105affee8: _ZN12StubRoutines25_call_stub_return_addressE+0 in /Users/tabismacbook/Library/Java/JavaVirtualMachines/azul-15.0.5/Contents/Home/lib/server/libjvm.dylib at 0x0000000105000000
x23=0x00000001468f7254 points into unknown readable memory: 03 89 00 00
x24=0x0000000105a9b000: _type2aelembytes+0x40 in /Users/tabismacbook/Library/Java/JavaVirtualMachines/azul-15.0.5/Contents/Home/lib/server/libjvm.dylib at 0x0000000105000000
x25=0x0 is NULL
x26=0x0 is NULL
x27=0x0000000000000006 is an unknown value
x28=0x0000000000000005 is an unknown value


Registers:
 x0=0x0000000105b540e8  x1=0x0000000114f9eb10  x2=0x000000010588a3e8  x3=0x0000000fffffc088
 x4=0x0000000134ba2b80  x5=0x0000000000000010  x6=0x0000000000000000  x7=0x0000000134e1a020
 x8=0x0000000105b00000  x9=0x00000000000001e0 x10=0x0000000000001bd6 x11=0x0000000100a34000
x12=0x0000000000001bd6 x13=0x0000000000000000 x14=0x000000000000007a x15=0x00000001730cacd8
x16=0x0000000000000000 x17=0x000000014607e080 x18=0x0000000000000000 x19=0x0000000114f9eb10
x20=0x00000001468f6e00 x21=0x00000001730ca6d0 x22=0x0000000105affee8 x23=0x00000001468f7254
x24=0x0000000105a9b000 x25=0x0000000000000000 x26=0x0000000000000000 x27=0x0000000000000006
x28=0x0000000000000005  fp=0x00000001730ca690  lr=0x00000001058c5c68  sp=0x00000001730ca680
pc=0x000000010588a424 cpsr=0x0000000080001000
Top of Stack: (sp=0x00000001730ca680)
0x00000001730ca680:   00000001468f6e00 0000000105b540e8
0x00000001730ca690:   00000001730cad80 00000001058c5c68
0x00000001730ca6a0:   00000001730cbb40 0000000114f9ed74
0x00000001730ca6b0:   0000000114f9eb10 0000000000000000
0x00000001730ca6c0:   0000000000000000 00000001730cbb40
0x00000001730ca6d0:   0000000000000000 0000000000000000
0x00000001730ca6e0:   0000000000000000 0000000000000000
0x00000001730ca6f0:   0000000000000000 0000000000000000
0x00000001730ca700:   0000000000000000 0000000000000000
0x00000001730ca710:   0000000000000000 0000000000000000
0x00000001730ca720:   0000000000000000 0000000000000000
0x00000001730ca730:   0000000000000000 0000000000000000
0x00000001730ca740:   0000000000000000 0000000000000000
0x00000001730ca750:   0000000000000000 0000000000000000
0x00000001730ca760:   0000000000000000 0000000000000000
0x00000001730ca770:   0000000000000000 0000000000000000
0x00000001730ca780:   0000000000000000 0000000000000000
0x00000001730ca790:   0000000000000000 0000000000000000
0x00000001730ca7a0:   0000000000000000 0000000000000000
0x00000001730ca7b0:   0000000000000000 0000000000000000
0x00000001730ca7c0:   0000000000000000 0000000000000000
0x00000001730ca7d0:   0000000000000000 0000000000000000
0x00000001730ca7e0:   0000000000000000 0000000000000000
0x00000001730ca7f0:   0000000000000000 0000000000000000
0x00000001730ca800:   0000000000000000 0000000000000000
0x00000001730ca810:   0000000000000000 0000000000000000
0x00000001730ca820:   0000000000000000 0000000000000000
0x00000001730ca830:   0000000000000000 0000000000000000
0x00000001730ca840:   0000000000000000 0000000000000000
0x00000001730ca850:   0000000000000000 0000000000000000
0x00000001730ca860:   0000000000000000 0000000000000000
0x00000001730ca870:   0000000000000000 0000000000000000 

Instructions: (pc=0x000000010588a424)
0x000000010588a324:   9121a021 aa1303e0 97fa4987 d00013a8
0x000000010588a334:   fd416d00 5e61d800 d2d09008 f2e825c8
0x000000010588a344:   9e670101 1e611800 fd0003e0 f0000a01
0x000000010588a354:   91221c21 aa1303e0 97fa497b d00013a8
0x000000010588a364:   f9414908 f90003e8 f0000a01 9122d021
0x000000010588a374:   aa1303e0 97fa4974 d00013a8 f9416108
0x000000010588a384:   d00013a9 f9416529 a90027e8 f0000a01
0x000000010588a394:   91236c21 aa1303e0 97fa496b d00013a8
0x000000010588a3a4:   f9416908 d34afd08 f90003e8 f0000a01
0x000000010588a3b4:   91246c21 aa1303e0 97fa4963 aa1403e0
0x000000010588a3c4:   a9427bfd a9414ff4 9100c3ff 17fa53ce
0x000000010588a3d4:   a9bf7bfd 910003fd d2800000 a8c17bfd
0x000000010588a3e4:   d65f03c0 a9be4ff4 a9017bfd 910043fd
0x000000010588a3f4:   aa0103f3 d00013a8 b942b909 35000129
0x000000010588a404:   b0001089 d503201f f9425129 d354fd2a
0x000000010588a414:   531f794a f144013f 1a9f2549 b902b909
0x000000010588a424:   b9014a69 f9400268 f9404108 aa1303e0
0x000000010588a434:   d63f0100 340000a0 aa1303e0 a9417bfd
0x000000010588a444:   a8c24ff4 17f973c6 a9417bfd a8c24ff4
0x000000010588a454:   d65f03c0 a9bf7bfd 910003fd d00013a8
0x000000010588a464:   b942b909 34000089 b9014829 a8c17bfd
0x000000010588a474:   d65f03c0 b0001089 d503201f f9425129
0x000000010588a484:   d354fd2a 531f794a f144013f 1a9f2549
0x000000010588a494:   b902b909 b9014829 a8c17bfd d65f03c0
0x000000010588a4a4:   a9be4ff4 a9017bfd 910043fd aa0103f3
0x000000010588a4b4:   aa0003f4 f9400028 f9402108 aa0103e0
0x000000010588a4c4:   d63f0100 340000c0 f9400268 f9402908
0x000000010588a4d4:   aa1303e0 d63f0100 36000080 a9417bfd
0x000000010588a4e4:   a8c24ff4 d65f03c0 f9400a81 f9400268
0x000000010588a4f4:   f9406d02 aa1303e0 a9417bfd a8c24ff4
0x000000010588a504:   d61f0040 a9bc5ff8 a90157f6 a9024ff4
0x000000010588a514:   a9037bfd 9100c3fd 39404008 34000288 


Stack slot to memory mapping:
stack at sp + 0 slots: 0x00000001468f6e00 is a thread
stack at sp + 1 slots: 0x0000000105b540e8: _MergedGlobals+0 in /Users/tabismacbook/Library/Java/JavaVirtualMachines/azul-15.0.5/Contents/Home/lib/server/libjvm.dylib at 0x0000000105000000
stack at sp + 2 slots: 0x00000001730cad80 is pointing into the stack for thread: 0x00000001468f6e00
stack at sp + 3 slots: 0x00000001058c5c68: _ZN10JavaThread11nmethods_doEP15CodeBlobClosure+0x80 in /Users/tabismacbook/Library/Java/JavaVirtualMachines/azul-15.0.5/Contents/Home/lib/server/libjvm.dylib at 0x0000000105000000
stack at sp + 4 slots: 0x00000001730cbb40 is pointing into the stack for thread: 0x00000001468f6e00
stack at sp + 5 slots: 0x0000000114f9ed74 is at entry_point+180 in (nmethod*)0x0000000114f9eb10
stack at sp + 6 slots: 0x0000000114f9eb10 is at entry_point+-432 in (nmethod*)0x0000000114f9eb10
stack at sp + 7 slots: 0x0 is NULL


---------------  P R O C E S S  ---------------

Threads class SMR info:
_java_thread_list=0x00000001446dabd0, length=21, elements={
0x0000000145808200, 0x00000001340b8a00, 0x00000001340bb200, 0x000000013580ea00,
0x000000013580f000, 0x000000013580f600, 0x000000013580fc00, 0x0000000136808200,
0x00000001340b9000, 0x00000001450fd600, 0x000000014700a400, 0x0000000145808e00,
0x0000000134097400, 0x00000001468f6800, 0x00000001468f6e00, 0x00000001340ee800,
0x00000001340eee00, 0x00000001344c3e00, 0x0000000135c94000, 0x0000000135dcce00,
0x00000001455a1a00
}

Java Threads: ( => current thread )
  0x0000000145808200 JavaThread "main" [_thread_blocked, id=9987, stack(0x000000016f87c000,0x000000016fa7f000)]
  0x00000001340b8a00 JavaThread "Reference Handler" daemon [_thread_blocked, id=16899, stack(0x00000001706d0000,0x00000001708d3000)]
  0x00000001340bb200 JavaThread "Finalizer" daemon [_thread_blocked, id=16387, stack(0x00000001708dc000,0x0000000170adf000)]
  0x000000013580ea00 JavaThread "Signal Dispatcher" daemon [_thread_blocked, id=22787, stack(0x0000000170c00000,0x0000000170e03000)]
  0x000000013580f000 JavaThread "Service Thread" daemon [_thread_blocked, id=42243, stack(0x0000000170e0c000,0x000000017100f000)]
  0x000000013580f600 JavaThread "C2 CompilerThread0" daemon [_thread_in_native, id=23811, stack(0x0000000171018000,0x000000017121b000)]
  0x000000013580fc00 JavaThread "C1 CompilerThread0" daemon [_thread_blocked, id=24579, stack(0x0000000171224000,0x0000000171427000)]
  0x0000000136808200 JavaThread "Sweeper thread" daemon [_thread_blocked, id=40707, stack(0x0000000171430000,0x0000000171633000)]
  0x00000001340b9000 JavaThread "Common-Cleaner" daemon [_thread_blocked, id=40195, stack(0x000000017163c000,0x000000017183f000)]
  0x00000001450fd600 JavaThread "JDWP Transport Listener: dt_socket" daemon [_thread_blocked, id=39427, stack(0x0000000171848000,0x0000000171a4b000)]
  0x000000014700a400 JavaThread "JDWP Event Helper Thread" daemon [_thread_blocked, id=26371, stack(0x0000000171a54000,0x0000000171c57000)]
  0x0000000145808e00 JavaThread "JDWP Command Reader" daemon [_thread_in_native, id=26627, stack(0x0000000171c60000,0x0000000171e63000)]
  0x0000000134097400 JavaThread "Notification Thread" daemon [_thread_blocked, id=37635, stack(0x0000000171e6c000,0x000000017206f000)]
  0x00000001468f6800 JavaThread "Thread-0" [_thread_blocked, id=35331, stack(0x0000000172cc0000,0x0000000172ec3000)]
=>0x00000001468f6e00 JavaThread "restartedMain" [_thread_in_vm, id=34819, stack(0x0000000172ecc000,0x00000001730cf000)]
  0x00000001340ee800 JavaThread "Catalina-utility-1" [_thread_blocked, id=29959, stack(0x00000001730d8000,0x00000001732db000)]
  0x00000001340eee00 JavaThread "Catalina-utility-2" [_thread_blocked, id=34055, stack(0x0000000173908000,0x0000000173b0b000)]
  0x00000001344c3e00 JavaThread "container-0" [_thread_blocked, id=33027, stack(0x0000000173b14000,0x0000000173d17000)]
  0x0000000135c94000 JavaThread "mysql-cj-abandoned-connection-cleanup" daemon [_thread_blocked, id=43779, stack(0x0000000173d20000,0x0000000173f23000)]
  0x0000000135dcce00 JavaThread "HikariPool-1 housekeeper" daemon [_thread_blocked, id=87043, stack(0x0000000173f2c000,0x000000017412f000)]
  0x00000001455a1a00 JavaThread "HikariPool-1 connection adder" daemon [_thread_blocked, id=86531, stack(0x0000000174138000,0x000000017433b000)]

Other Threads:
  0x0000000100c471a0 VMThread "VM Thread" [stack: 0x00000001704c4000,0x00000001706c7000] [id=13827] _threads_hazard_ptr=0x00000001446dabd0
  0x0000000100c8e050 WatcherThread [stack: 0x0000000172078000,0x000000017227b000] [id=37379]
  0x0000000144e223d0 GCTaskThread "GC Thread#0" [stack: 0x000000016fa88000,0x000000016fc8b000] [id=19971]
  0x0000000100cdeec0 GCTaskThread "GC Thread#1" [stack: 0x0000000172284000,0x0000000172487000] [id=27395]
  0x0000000100cdf930 GCTaskThread "GC Thread#2" [stack: 0x0000000172490000,0x0000000172693000] [id=27651]
  0x0000000100ce0530 GCTaskThread "GC Thread#3" [stack: 0x000000017269c000,0x000000017289f000] [id=36611]
  0x0000000100ce1160 GCTaskThread "GC Thread#4" [stack: 0x00000001728a8000,0x0000000172aab000] [id=28419]
  0x0000000100ce1d90 GCTaskThread "GC Thread#5" [stack: 0x0000000172ab4000,0x0000000172cb7000] [id=36099]
  0x0000000100fc1d60 GCTaskThread "GC Thread#6" [stack: 0x00000001732e4000,0x00000001734e7000] [id=30979]
  0x0000000134b5cba0 GCTaskThread "GC Thread#7" [stack: 0x00000001734f0000,0x00000001736f3000] [id=34563]
  0x0000000144e235a0 ConcurrentGCThread "G1 Main Marker" [stack: 0x000000016fc94000,0x000000016fe97000] [id=19459]
  0x0000000144f083b0 ConcurrentGCThread "G1 Conc#0" [stack: 0x000000016fea0000,0x00000001700a3000] [id=13315]
  0x0000000100fc40a0 ConcurrentGCThread "G1 Conc#1" [stack: 0x00000001736fc000,0x00000001738ff000] [id=34307]
  0x0000000100c1d900 ConcurrentGCThread "G1 Refine#0" [stack: 0x00000001700ac000,0x00000001702af000] [id=18435]
  0x0000000144f092a0 ConcurrentGCThread "G1 Young RemSet Sampling" [stack: 0x00000001702b8000,0x00000001704bb000] [id=18179]

Threads with active compile tasks:
C2 CompilerThread0     3235 6363       4       java.util.regex.Pattern$BranchConn::match (11 bytes)

VM state: not at safepoint (normal execution)

VM Mutex/Monitor currently owned by a thread: None

Heap address: 0x00000006c0000000, size: 4096 MB, Compressed Oops mode: Zero based, Oop shift amount: 3
Compressed class space mapped at: 0x0000000300000000-0x0000000340000000, size: 1073741824
Narrow klass base: 0x0000000000000000, Narrow klass shift: 3, Narrow klass range: 0x340000000

GC Precious Log:
 CPUs: 8 total, 8 available
 Memory: 16384M
 Large Page Support: Disabled
 NUMA Support: Disabled
 Compressed Oops: Enabled (Zero based)
 Heap Region Size: 2M
 Heap Min Capacity: 8M
 Heap Initial Capacity: 256M
 Heap Max Capacity: 4G
 Pre-touch: Disabled
 Parallel Workers: 8
 Concurrent Workers: 2
 Concurrent Refinement Workers: 8
 Periodic GC: Disabled

Heap:
 garbage-first heap   total 133120K, used 41619K [0x00000006c0000000, 0x00000007c0000000)
  region size 2048K, 10 young (20480K), 4 survivors (8192K)
 Metaspace       used 73453K, capacity 74235K, committed 74544K, reserved 1114112K
  class space    used 8955K, capacity 9246K, committed 9344K, reserved 1048576K

Heap Regions: E=young(eden), S=young(survivor), O=old, HS=humongous(starts), HC=humongous(continues), CS=collection set, F=free, OA=open archive, CA=closed archive, TAMS=top-at-mark-start (previous, next)
|   0|0x00000006c0000000, 0x00000006c0200000, 0x00000006c0200000|100%| O|  |TAMS 0x00000006c0200000, 0x00000006c0000000| Untracked 
|   1|0x00000006c0200000, 0x00000006c0400000, 0x00000006c0400000|100%| O|  |TAMS 0x00000006c0400000, 0x00000006c0200000| Untracked 
|   2|0x00000006c0400000, 0x00000006c0600000, 0x00000006c0600000|100%| O|  |TAMS 0x00000006c0600000, 0x00000006c0400000| Untracked 
|   3|0x00000006c0600000, 0x00000006c066cc00, 0x00000006c0800000| 21%| O|  |TAMS 0x00000006c066cc00, 0x00000006c0600000| Untracked 
|   4|0x00000006c0800000, 0x00000006c09f4200, 0x00000006c0a00000| 97%| O|  |TAMS 0x00000006c09f4200, 0x00000006c0800000| Untracked 
|   5|0x00000006c0a00000, 0x00000006c0c00000, 0x00000006c0c00000|100%| O|  |TAMS 0x00000006c0c00000, 0x00000006c0a00000| Untracked 
|   6|0x00000006c0c00000, 0x00000006c0e00000, 0x00000006c0e00000|100%| O|  |TAMS 0x00000006c0e00000, 0x00000006c0c00000| Untracked 
|   7|0x00000006c0e00000, 0x00000006c1000000, 0x00000006c1000000|100%| O|  |TAMS 0x00000006c1000000, 0x00000006c0e00000| Untracked 
|   8|0x00000006c1000000, 0x00000006c1200000, 0x00000006c1200000|100%| O|  |TAMS 0x00000006c1200000, 0x00000006c1000000| Untracked 
|   9|0x00000006c1200000, 0x00000006c1400000, 0x00000006c1400000|100%| O|  |TAMS 0x00000006c1200000, 0x00000006c1200000| Untracked 
|  10|0x00000006c1400000, 0x00000006c15db200, 0x00000006c1600000| 92%| O|  |TAMS 0x00000006c1400000, 0x00000006c1400000| Untracked 
|  11|0x00000006c1600000, 0x00000006c16bce00, 0x00000006c1800000| 36%| O|  |TAMS 0x00000006c16bce00, 0x00000006c1600000| Untracked 
|  12|0x00000006c1800000, 0x00000006c1a00000, 0x00000006c1a00000|100%| O|  |TAMS 0x00000006c1800000, 0x00000006c1800000| Untracked 
|  13|0x00000006c1a00000, 0x00000006c1a4cc00, 0x00000006c1c00000| 14%| O|  |TAMS 0x00000006c1a00000, 0x00000006c1a00000| Untracked 
|  14|0x00000006c1c00000, 0x00000006c1c00000, 0x00000006c1e00000|  0%| F|  |TAMS 0x00000006c1c00000, 0x00000006c1c00000| Untracked 
|  15|0x00000006c1e00000, 0x00000006c1e00000, 0x00000006c2000000|  0%| F|  |TAMS 0x00000006c1e00000, 0x00000006c1e00000| Untracked 
|  16|0x00000006c2000000, 0x00000006c2000000, 0x00000006c2200000|  0%| F|  |TAMS 0x00000006c2000000, 0x00000006c2000000| Untracked 
|  17|0x00000006c2200000, 0x00000006c2200000, 0x00000006c2400000|  0%| F|  |TAMS 0x00000006c2200000, 0x00000006c2200000| Untracked 
|  18|0x00000006c2400000, 0x00000006c2400000, 0x00000006c2600000|  0%| F|  |TAMS 0x00000006c2400000, 0x00000006c2400000| Untracked 
|  19|0x00000006c2600000, 0x00000006c2600000, 0x00000006c2800000|  0%| F|  |TAMS 0x00000006c2600000, 0x00000006c2600000| Untracked 
|  20|0x00000006c2800000, 0x00000006c2800000, 0x00000006c2a00000|  0%| F|  |TAMS 0x00000006c2800000, 0x00000006c2800000| Untracked 
|  21|0x00000006c2a00000, 0x00000006c2a00000, 0x00000006c2c00000|  0%| F|  |TAMS 0x00000006c2a00000, 0x00000006c2a00000| Untracked 
|  22|0x00000006c2c00000, 0x00000006c2d5f4a8, 0x00000006c2e00000| 68%| S|CS|TAMS 0x00000006c2c00000, 0x00000006c2c00000| Complete 
|  23|0x00000006c2e00000, 0x00000006c3000000, 0x00000006c3000000|100%| S|CS|TAMS 0x00000006c2e00000, 0x00000006c2e00000| Complete 
|  24|0x00000006c3000000, 0x00000006c3200000, 0x00000006c3200000|100%| S|CS|TAMS 0x00000006c3000000, 0x00000006c3000000| Complete 
|  25|0x00000006c3200000, 0x00000006c3400000, 0x00000006c3400000|100%| S|CS|TAMS 0x00000006c3200000, 0x00000006c3200000| Complete 
|  26|0x00000006c3400000, 0x00000006c3400000, 0x00000006c3600000|  0%| F|  |TAMS 0x00000006c3400000, 0x00000006c3400000| Untracked 
|  27|0x00000006c3600000, 0x00000006c3600000, 0x00000006c3800000|  0%| F|  |TAMS 0x00000006c3600000, 0x00000006c3600000| Untracked 
|  28|0x00000006c3800000, 0x00000006c3800000, 0x00000006c3a00000|  0%| F|  |TAMS 0x00000006c3800000, 0x00000006c3800000| Untracked 
|  29|0x00000006c3a00000, 0x00000006c3a00000, 0x00000006c3c00000|  0%| F|  |TAMS 0x00000006c3a00000, 0x00000006c3a00000| Untracked 
|  30|0x00000006c3c00000, 0x00000006c3c00000, 0x00000006c3e00000|  0%| F|  |TAMS 0x00000006c3c00000, 0x00000006c3c00000| Untracked 
|  31|0x00000006c3e00000, 0x00000006c3e00000, 0x00000006c4000000|  0%| F|  |TAMS 0x00000006c3e00000, 0x00000006c3e00000| Untracked 
|  32|0x00000006c4000000, 0x00000006c4000000, 0x00000006c4200000|  0%| F|  |TAMS 0x00000006c4000000, 0x00000006c4000000| Untracked 
|  33|0x00000006c4200000, 0x00000006c4200000, 0x00000006c4400000|  0%| F|  |TAMS 0x00000006c4200000, 0x00000006c4200000| Untracked 
|  34|0x00000006c4400000, 0x00000006c4400000, 0x00000006c4600000|  0%| F|  |TAMS 0x00000006c4400000, 0x00000006c4400000| Untracked 
|  35|0x00000006c4600000, 0x00000006c4600000, 0x00000006c4800000|  0%| F|  |TAMS 0x00000006c4600000, 0x00000006c4600000| Untracked 
|  36|0x00000006c4800000, 0x00000006c4800000, 0x00000006c4a00000|  0%| F|  |TAMS 0x00000006c4800000, 0x00000006c4800000| Untracked 
|  37|0x00000006c4a00000, 0x00000006c4a00000, 0x00000006c4c00000|  0%| F|  |TAMS 0x00000006c4a00000, 0x00000006c4a00000| Untracked 
|  38|0x00000006c4c00000, 0x00000006c4c00000, 0x00000006c4e00000|  0%| F|  |TAMS 0x00000006c4c00000, 0x00000006c4c00000| Untracked 
|  39|0x00000006c4e00000, 0x00000006c4e00000, 0x00000006c5000000|  0%| F|  |TAMS 0x00000006c4e00000, 0x00000006c4e00000| Untracked 
|  40|0x00000006c5000000, 0x00000006c5000000, 0x00000006c5200000|  0%| F|  |TAMS 0x00000006c5000000, 0x00000006c5000000| Untracked 
|  41|0x00000006c5200000, 0x00000006c5200000, 0x00000006c5400000|  0%| F|  |TAMS 0x00000006c5200000, 0x00000006c5200000| Untracked 
|  42|0x00000006c5400000, 0x00000006c5400000, 0x00000006c5600000|  0%| F|  |TAMS 0x00000006c5400000, 0x00000006c5400000| Untracked 
|  43|0x00000006c5600000, 0x00000006c5600000, 0x00000006c5800000|  0%| F|  |TAMS 0x00000006c5600000, 0x00000006c5600000| Untracked 
|  44|0x00000006c5800000, 0x00000006c5800000, 0x00000006c5a00000|  0%| F|  |TAMS 0x00000006c5800000, 0x00000006c5800000| Untracked 
|  45|0x00000006c5a00000, 0x00000006c5a00000, 0x00000006c5c00000|  0%| F|  |TAMS 0x00000006c5a00000, 0x00000006c5a00000| Untracked 
|  46|0x00000006c5c00000, 0x00000006c5c00000, 0x00000006c5e00000|  0%| F|  |TAMS 0x00000006c5c00000, 0x00000006c5c00000| Untracked 
|  47|0x00000006c5e00000, 0x00000006c5e00000, 0x00000006c6000000|  0%| F|  |TAMS 0x00000006c5e00000, 0x00000006c5e00000| Untracked 
|  48|0x00000006c6000000, 0x00000006c6000000, 0x00000006c6200000|  0%| F|  |TAMS 0x00000006c6000000, 0x00000006c6000000| Untracked 
|  49|0x00000006c6200000, 0x00000006c6200000, 0x00000006c6400000|  0%| F|  |TAMS 0x00000006c6200000, 0x00000006c6200000| Untracked 
|  50|0x00000006c6400000, 0x00000006c6400000, 0x00000006c6600000|  0%| F|  |TAMS 0x00000006c6400000, 0x00000006c6400000| Untracked 
|  51|0x00000006c6600000, 0x00000006c6600000, 0x00000006c6800000|  0%| F|  |TAMS 0x00000006c6600000, 0x00000006c6600000| Untracked 
|  52|0x00000006c6800000, 0x00000006c6800000, 0x00000006c6a00000|  0%| F|  |TAMS 0x00000006c6800000, 0x00000006c6800000| Untracked 
|  53|0x00000006c6a00000, 0x00000006c6a00000, 0x00000006c6c00000|  0%| F|  |TAMS 0x00000006c6a00000, 0x00000006c6a00000| Untracked 
|  54|0x00000006c6c00000, 0x00000006c6c00000, 0x00000006c6e00000|  0%| F|  |TAMS 0x00000006c6c00000, 0x00000006c6c00000| Untracked 
|  55|0x00000006c6e00000, 0x00000006c6e00000, 0x00000006c7000000|  0%| F|  |TAMS 0x00000006c6e00000, 0x00000006c6e00000| Untracked 
|  56|0x00000006c7000000, 0x00000006c7000000, 0x00000006c7200000|  0%| F|  |TAMS 0x00000006c7000000, 0x00000006c7000000| Untracked 
|  57|0x00000006c7200000, 0x00000006c7200000, 0x00000006c7400000|  0%| F|  |TAMS 0x00000006c7200000, 0x00000006c7200000| Untracked 
|  58|0x00000006c7400000, 0x00000006c7400000, 0x00000006c7600000|  0%| F|  |TAMS 0x00000006c7400000, 0x00000006c7400000| Untracked 
|  59|0x00000006c7600000, 0x00000006c7700800, 0x00000006c7800000| 50%| E|  |TAMS 0x00000006c7600000, 0x00000006c7600000| Complete 
|  60|0x00000006c7800000, 0x00000006c7a00000, 0x00000006c7a00000|100%| E|CS|TAMS 0x00000006c7800000, 0x00000006c7800000| Complete 
|  61|0x00000006c7a00000, 0x00000006c7c00000, 0x00000006c7c00000|100%| E|CS|TAMS 0x00000006c7a00000, 0x00000006c7a00000| Complete 
|  62|0x00000006c7c00000, 0x00000006c7e00000, 0x00000006c7e00000|100%| E|CS|TAMS 0x00000006c7c00000, 0x00000006c7c00000| Complete 
|  97|0x00000006cc200000, 0x00000006cc400000, 0x00000006cc400000|100%| E|CS|TAMS 0x00000006cc200000, 0x00000006cc200000| Complete 
| 127|0x00000006cfe00000, 0x00000006d0000000, 0x00000006d0000000|100%| E|CS|TAMS 0x00000006cfe00000, 0x00000006cfe00000| Complete 

Card table byte_map: [0x000000011cbf8000,0x000000011d3f8000] _byte_map_base: 0x00000001195f8000

Marking Bits (Prev, Next): (CMBitMap*) 0x0000000145038210, (CMBitMap*) 0x0000000145038250
 Prev Bits: [0x0000000130000000, 0x0000000134000000)
 Next Bits: [0x0000000140000000, 0x0000000144000000)

Polling page: 0x00000001006a0000

Metaspace:

Usage:
  Non-class:     63.47 MB capacity,    62.99 MB (>99%) used,   385.32 KB ( <1%) free+waste,   105.19 KB ( <1%) overhead. 
      Class:      9.03 MB capacity,     8.75 MB ( 97%) used,   251.14 KB (  3%) free+waste,    39.50 KB ( <1%) overhead. 
       Both:     72.50 MB capacity,    71.73 MB ( 99%) used,   636.46 KB ( <1%) free+waste,   144.69 KB ( <1%) overhead. 

Virtual space:
  Non-class space:       64.00 MB reserved,      63.67 MB (>99%) committed 
      Class space:        1.00 GB reserved,       9.12 MB ( <1%) committed 
             Both:        1.06 GB reserved,      72.80 MB (  7%) committed 

Chunk freelists:
   Non-Class:  19.00 KB
       Class:  2.00 KB
        Both:  21.00 KB

MaxMetaspaceSize: unlimited
CompressedClassSpaceSize: 1.00 GB

CodeHeap 'non-profiled nmethods': size=120032Kb used=2875Kb max_used=3039Kb free=117156Kb
 bounds [0x0000000114ec0000, 0x00000001151d0000, 0x000000011c3f8000]
CodeHeap 'profiled nmethods': size=120016Kb used=13187Kb max_used=14512Kb free=106828Kb
 bounds [0x000000010d98c000, 0x000000010e7bc000, 0x0000000114ec0000]
CodeHeap 'non-nmethods': size=5712Kb used=1338Kb max_used=1519Kb free=4374Kb
 bounds [0x000000010d3f8000, 0x000000010d668000, 0x000000010d98c000]
 total_blobs=7313 nmethods=6680 adapters=548
 compilation: enabled
              stopped_count=0, restarted_count=0
 full_count=0

Compilation events (20 events):
Event: 3.221 Thread 0x000000013580fc00 7431       2       jdk.internal.reflect.NativeMethodAccessorImpl::<init> (10 bytes)
Event: 3.221 Thread 0x000000013580fc00 nmethod 7431 0x000000010d9bb590 code [0x000000010d9bb700, 0x000000010d9bb868]
Event: 3.221 Thread 0x000000013580fc00 7432       2       jdk.internal.reflect.DelegatingMethodAccessorImpl::<init> (10 bytes)
Event: 3.221 Thread 0x000000013580fc00 nmethod 7432 0x000000010db20010 code [0x000000010db20180, 0x000000010db202e8]
Event: 3.222 Thread 0x000000013580fc00 7433       2       com.sun.org.apache.xalan.internal.utils.XMLSecurityManager$NameMap::getOldName (18 bytes)
Event: 3.222 Thread 0x000000013580fc00 nmethod 7433 0x000000010d9b8810 code [0x000000010d9b89c0, 0x000000010d9b8b58]
Event: 3.222 Thread 0x000000013580fc00 7434       2       com.fasterxml.jackson.databind.type.ClassKey::<init> (29 bytes)
Event: 3.222 Thread 0x000000013580fc00 nmethod 7434 0x000000010da37c10 code [0x000000010da37dc0, 0x000000010da38048]
Event: 3.224 Thread 0x000000013580fc00 7435       2       org.springframework.core.log.CompositeLog::initLogger (45 bytes)
Event: 3.224 Thread 0x000000013580f600 nmethod 5657 0x00000001151b7e10 code [0x00000001151b8cc0, 0x00000001151c0800]
Event: 3.224 Thread 0x000000013580f600 7422       4       java.util.stream.StreamSupport::stream (19 bytes)
Event: 3.224 Thread 0x000000013580fc00 nmethod 7435 0x000000010dbc9990 code [0x000000010dbc9b80, 0x000000010dbc9e68]
Event: 3.224 Thread 0x000000013580fc00 7436       2       java.util.ArrayList::fastRemove (44 bytes)
Event: 3.224 Thread 0x000000013580fc00 nmethod 7436 0x000000010db5d310 code [0x000000010db5d4c0, 0x000000010db5d758]
Event: 3.226 Thread 0x000000013580f600 nmethod 7422 0x0000000114ef6290 code [0x0000000114ef6440, 0x0000000114ef6830]
Event: 3.226 Thread 0x000000013580f600 7374       4       kotlin.reflect.jvm.internal.impl.protobuf.SmallSortedMap$EmptySet$2::iterator (4 bytes)
Event: 3.226 Thread 0x000000013580f600 nmethod 7374 0x0000000114ec1510 code [0x0000000114ec1680, 0x0000000114ec1720]
Event: 3.226 Thread 0x000000013580f600 7383       4       kotlin.reflect.jvm.internal.impl.protobuf.CodedOutputStream::writeRawByte (43 bytes)
Event: 3.226 Thread 0x000000013580f600 nmethod 7383 0x0000000114ed1e90 code [0x0000000114ed2040, 0x0000000114ed21a0]
Event: 3.226 Thread 0x000000013580f600 5663       4       jdk.internal.loader.BuiltinClassLoader::findLoadedModule (33 bytes)

GC Heap History (20 events):
Event: 0.815 GC heap before
{Heap before GC invocations=4 (full 0):
 garbage-first heap   total 49152K, used 43559K [0x00000006c0000000, 0x00000007c0000000)
  region size 2048K, 20 young (40960K), 2 survivors (4096K)
 Metaspace       used 27296K, capacity 27654K, committed 27952K, reserved 1075200K
  class space    used 2953K, capacity 3085K, committed 3200K, reserved 1048576K
}
Event: 0.818 GC heap after
{Heap after GC invocations=5 (full 0):
 garbage-first heap   total 53248K, used 10317K [0x00000006c0000000, 0x00000007c0000000)
  region size 2048K, 2 young (4096K), 2 survivors (4096K)
 Metaspace       used 27296K, capacity 27654K, committed 27952K, reserved 1075200K
  class space    used 2953K, capacity 3085K, committed 3200K, reserved 1048576K
}
Event: 0.862 GC heap before
{Heap before GC invocations=5 (full 0):
 garbage-first heap   total 53248K, used 32845K [0x00000006c0000000, 0x00000007c0000000)
  region size 2048K, 14 young (28672K), 2 survivors (4096K)
 Metaspace       used 28948K, capacity 29263K, committed 29360K, reserved 1075200K
  class space    used 3158K, capacity 3280K, committed 3328K, reserved 1048576K
}
Event: 0.868 GC heap after
{Heap after GC invocations=6 (full 0):
 garbage-first heap   total 157696K, used 11410K [0x00000006c0000000, 0x00000007c0000000)
  region size 2048K, 2 young (4096K), 2 survivors (4096K)
 Metaspace       used 28948K, capacity 29263K, committed 29360K, reserved 1075200K
  class space    used 3158K, capacity 3280K, committed 3328K, reserved 1048576K
}
Event: 1.293 GC heap before
{Heap before GC invocations=6 (full 0):
 garbage-first heap   total 157696K, used 99474K [0x00000006c0000000, 0x00000007c0000000)
  region size 2048K, 46 young (94208K), 2 survivors (4096K)
 Metaspace       used 35209K, capacity 35729K, committed 35888K, reserved 1081344K
  class space    used 3944K, capacity 4130K, committed 4224K, reserved 1048576K
}
Event: 1.297 GC heap after
{Heap after GC invocations=7 (full 0):
 garbage-first heap   total 157696K, used 14421K [0x00000006c0000000, 0x00000007c0000000)
  region size 2048K, 3 young (6144K), 3 survivors (6144K)
 Metaspace       used 35209K, capacity 35729K, committed 35888K, reserved 1081344K
  class space    used 3944K, capacity 4130K, committed 4224K, reserved 1048576K
}
Event: 1.307 GC heap before
{Heap before GC invocations=7 (full 0):
 garbage-first heap   total 157696K, used 14421K [0x00000006c0000000, 0x00000007c0000000)
  region size 2048K, 4 young (8192K), 3 survivors (6144K)
 Metaspace       used 35331K, capacity 35793K, committed 35888K, reserved 1081344K
  class space    used 3961K, capacity 4130K, committed 4224K, reserved 1048576K
}
Event: 1.309 GC heap after
{Heap after GC invocations=8 (full 0):
 garbage-first heap   total 157696K, used 14590K [0x00000006c0000000, 0x00000007c0000000)
  region size 2048K, 3 young (6144K), 3 survivors (6144K)
 Metaspace       used 35331K, capacity 35793K, committed 35888K, reserved 1081344K
  class space    used 3961K, capacity 4130K, committed 4224K, reserved 1048576K
}
Event: 1.565 GC heap before
{Heap before GC invocations=9 (full 0):
 garbage-first heap   total 61440K, used 45310K [0x00000006c0000000, 0x00000007c0000000)
  region size 2048K, 19 young (38912K), 3 survivors (6144K)
 Metaspace       used 41437K, capacity 41923K, committed 42032K, reserved 1087488K
  class space    used 4770K, capacity 4952K, committed 4992K, reserved 1048576K
}
Event: 1.569 GC heap after
{Heap after GC invocations=10 (full 0):
 garbage-first heap   total 61440K, used 17718K [0x00000006c0000000, 0x00000007c0000000)
  region size 2048K, 2 young (4096K), 2 survivors (4096K)
 Metaspace       used 41437K, capacity 41923K, committed 42032K, reserved 1087488K
  class space    used 4770K, capacity 4952K, committed 4992K, reserved 1048576K
}
Event: 1.574 GC heap before
{Heap before GC invocations=10 (full 0):
 garbage-first heap   total 61440K, used 42294K [0x00000006c0000000, 0x00000007c0000000)
  region size 2048K, 15 young (30720K), 2 survivors (4096K)
 Metaspace       used 41465K, capacity 41987K, committed 42032K, reserved 1087488K
  class space    used 4775K, capacity 4952K, committed 4992K, reserved 1048576K
}
Event: 1.576 GC heap after
{Heap after GC invocations=11 (full 0):
 garbage-first heap   total 161792K, used 18166K [0x00000006c0000000, 0x00000007c0000000)
  region size 2048K, 1 young (2048K), 1 survivors (2048K)
 Metaspace       used 41465K, capacity 41987K, committed 42032K, reserved 1087488K
  class space    used 4775K, capacity 4952K, committed 4992K, reserved 1048576K
}
Event: 1.999 GC heap before
{Heap before GC invocations=11 (full 0):
 garbage-first heap   total 161792K, used 110326K [0x00000006c0000000, 0x00000007c0000000)
  region size 2048K, 47 young (96256K), 1 survivors (2048K)
 Metaspace       used 51149K, capacity 51712K, committed 51888K, reserved 1095680K
  class space    used 5927K, capacity 6139K, committed 6144K, reserved 1048576K
}
Event: 2.001 GC heap after
{Heap after GC invocations=12 (full 0):
 garbage-first heap   total 161792K, used 21623K [0x00000006c0000000, 0x00000007c0000000)
  region size 2048K, 2 young (4096K), 2 survivors (4096K)
 Metaspace       used 51149K, capacity 51712K, committed 51888K, reserved 1095680K
  class space    used 5927K, capacity 6139K, committed 6144K, reserved 1048576K
}
Event: 2.365 GC heap before
{Heap before GC invocations=12 (full 0):
 garbage-first heap   total 161792K, used 62583K [0x00000006c0000000, 0x00000007c0000000)
  region size 2048K, 24 young (49152K), 2 survivors (4096K)
 Metaspace       used 59475K, capacity 60044K, committed 60208K, reserved 1101824K
  class space    used 7220K, capacity 7438K, committed 7552K, reserved 1048576K
}
Event: 2.369 GC heap after
{Heap after GC invocations=13 (full 0):
 garbage-first heap   total 161792K, used 23809K [0x00000006c0000000, 0x00000007c0000000)
  region size 2048K, 4 young (8192K), 4 survivors (8192K)
 Metaspace       used 59475K, capacity 60044K, committed 60208K, reserved 1101824K
  class space    used 7220K, capacity 7438K, committed 7552K, reserved 1048576K
}
Event: 2.722 GC heap before
{Heap before GC invocations=14 (full 0):
 garbage-first heap   total 110592K, used 81153K [0x00000006c0000000, 0x00000007c0000000)
  region size 2048K, 32 young (65536K), 4 survivors (8192K)
 Metaspace       used 67781K, capacity 68426K, committed 68656K, reserved 1110016K
  class space    used 8247K, capacity 8502K, committed 8576K, reserved 1048576K
}
Event: 2.727 GC heap after
{Heap after GC invocations=15 (full 0):
 garbage-first heap   total 110592K, used 27261K [0x00000006c0000000, 0x00000007c0000000)
  region size 2048K, 3 young (6144K), 3 survivors (6144K)
 Metaspace       used 67781K, capacity 68426K, committed 68656K, reserved 1110016K
  class space    used 8247K, capacity 8502K, committed 8576K, reserved 1048576K
}
Event: 3.153 GC heap before
{Heap before GC invocations=16 (full 0):
 garbage-first heap   total 110592K, used 82557K [0x00000006c0000000, 0x00000007c0000000)
  region size 2048K, 31 young (63488K), 3 survivors (6144K)
 Metaspace       used 72329K, capacity 73056K, committed 73264K, reserved 1114112K
  class space    used 8788K, capacity 9049K, committed 9088K, reserved 1048576K
}
Event: 3.158 GC heap after
{Heap after GC invocations=17 (full 0):
 garbage-first heap   total 133120K, used 31379K [0x00000006c0000000, 0x00000007c0000000)
  region size 2048K, 4 young (8192K), 4 survivors (8192K)
 Metaspace       used 72329K, capacity 73056K, committed 73264K, reserved 1114112K
  class space    used 8788K, capacity 9049K, committed 9088K, reserved 1048576K
}

Deoptimization events (20 events):
Event: 3.225 Thread 0x00000001468f6e00 DEOPT PACKING pc=0x000000010db56a78 sp=0x00000001730cc790
Event: 3.225 Thread 0x00000001468f6e00 DEOPT UNPACKING pc=0x000000010d431bfc sp=0x00000001730cc570 mode 1
Event: 3.225 Thread 0x00000001468f6e00 DEOPT PACKING pc=0x000000010dde7e9c sp=0x00000001730cc830
Event: 3.225 Thread 0x00000001468f6e00 DEOPT UNPACKING pc=0x000000010d431bfc sp=0x00000001730cc6a0 mode 1
Event: 3.225 Thread 0x00000001468f6e00 DEOPT PACKING pc=0x000000010dea4a3c sp=0x00000001730cbd10
Event: 3.225 Thread 0x00000001468f6e00 DEOPT UNPACKING pc=0x000000010d431bfc sp=0x00000001730cbaf0 mode 1
Event: 3.225 Thread 0x00000001468f6e00 DEOPT PACKING pc=0x000000010de41480 sp=0x00000001730cbda0
Event: 3.225 Thread 0x00000001468f6e00 DEOPT UNPACKING pc=0x000000010d431bfc sp=0x00000001730cbc40 mode 1
Event: 3.225 Thread 0x00000001468f6e00 DEOPT PACKING pc=0x000000010de3d878 sp=0x00000001730cbee0
Event: 3.225 Thread 0x00000001468f6e00 DEOPT UNPACKING pc=0x000000010d431bfc sp=0x00000001730cbdb0 mode 1
Event: 3.225 Thread 0x00000001468f6e00 DEOPT PACKING pc=0x000000010dae1cc8 sp=0x00000001730cb6c0
Event: 3.225 Thread 0x00000001468f6e00 DEOPT UNPACKING pc=0x000000010d431bfc sp=0x00000001730cb460 mode 1
Event: 3.225 Thread 0x00000001468f6e00 DEOPT PACKING pc=0x000000010dad4304 sp=0x00000001730cb790
Event: 3.225 Thread 0x00000001468f6e00 DEOPT UNPACKING pc=0x000000010d431bfc sp=0x00000001730cb560 mode 1
Event: 3.225 Thread 0x00000001468f6e00 DEOPT PACKING pc=0x000000010db56a78 sp=0x00000001730cbef0
Event: 3.225 Thread 0x00000001468f6e00 DEOPT UNPACKING pc=0x000000010d431bfc sp=0x00000001730cbce0 mode 1
Event: 3.225 Thread 0x00000001468f6e00 DEOPT PACKING pc=0x000000010dad4304 sp=0x00000001730cc090
Event: 3.225 Thread 0x00000001468f6e00 DEOPT UNPACKING pc=0x000000010d431bfc sp=0x00000001730cbe60 mode 1
Event: 3.225 Thread 0x00000001468f6e00 DEOPT PACKING pc=0x000000010db56a78 sp=0x00000001730cc7f0
Event: 3.225 Thread 0x00000001468f6e00 DEOPT UNPACKING pc=0x000000010d431bfc sp=0x00000001730cc5e0 mode 1

Classes unloaded (0 events):
No events

Classes redefined (0 events):
No events

Internal exceptions (20 events):
Event: 3.027 Thread 0x00000001468f6e00 Exception <a 'java/lang/ClassNotFoundException'{0x00000006c47e2260}: java/lang/ObjectCustomizer> (0x00000006c47e2260) 
thrown [src/hotspot/share/classfile/systemDictionary.cpp, line 295]
Event: 3.028 Thread 0x00000001468f6e00 Exception <a 'java/lang/ClassNotFoundException'{0x00000006c47eb618}: com/oldsailor/customerSrv/model/InvoiceModelCustomizer> (0x00000006c47eb618) 
thrown [src/hotspot/share/classfile/systemDictionary.cpp, line 295]
Event: 3.038 Thread 0x00000001468f6e00 Exception <a 'java/lang/ClassNotFoundException'{0x00000006c424e518}: com/oldsailor/customerSrv/model/InvoiceResponseCustomizer> (0x00000006c424e518) 
thrown [src/hotspot/share/classfile/systemDictionary.cpp, line 295]
Event: 3.052 Thread 0x00000001468f6e00 Exception <a 'java/lang/ClassNotFoundException'{0x00000006c4008240}: java/lang/ObjectCustomizer> (0x00000006c4008240) 
thrown [src/hotspot/share/classfile/systemDictionary.cpp, line 295]
Event: 3.052 Thread 0x00000001468f6e00 Exception <a 'java/lang/ClassNotFoundException'{0x00000006c40111a0}: com/oldsailor/customerSrv/model/POANRAModelCustomizer> (0x00000006c40111a0) 
thrown [src/hotspot/share/classfile/systemDictionary.cpp, line 295]
Event: 3.063 Thread 0x00000001468f6e00 Exception <a 'java/lang/ClassNotFoundException'{0x00000006c3ecb868}: com/oldsailor/customerSrv/model/POANRAResponseCustomizer> (0x00000006c3ecb868) 
thrown [src/hotspot/share/classfile/systemDictionary.cpp, line 295]
Event: 3.067 Thread 0x00000001468f6e00 Exception <a 'java/lang/ClassNotFoundException'{0x00000006c3f822a0}: com/oldsailor/customerSrv/model/POANRASingleResponseCustomizer> (0x00000006c3f822a0) 
thrown [src/hotspot/share/classfile/systemDictionary.cpp, line 295]
Event: 3.079 Thread 0x00000001468f6e00 Exception <a 'java/lang/ClassNotFoundException'{0x00000006c3cf98e0}: java/lang/ObjectCustomizer> (0x00000006c3cf98e0) 
thrown [src/hotspot/share/classfile/systemDictionary.cpp, line 295]
Event: 3.079 Thread 0x00000001468f6e00 Exception <a 'java/lang/ClassNotFoundException'{0x00000006c3d029f0}: com/oldsailor/customerSrv/model/AutoCompleteModelCustomizer> (0x00000006c3d029f0) 
thrown [src/hotspot/share/classfile/systemDictionary.cpp, line 295]
Event: 3.101 Thread 0x00000001468f6e00 Exception <a 'java/lang/ClassNotFoundException'{0x00000006c3b1cad8}: java/lang/ObjectCustomizer> (0x00000006c3b1cad8) 
thrown [src/hotspot/share/classfile/systemDictionary.cpp, line 295]
Event: 3.101 Thread 0x00000001468f6e00 Exception <a 'java/lang/ClassNotFoundException'{0x00000006c3b24810}: org/springframework/security/config/annotation/web/configuration/WebSecurityConfigurationCustomizer> (0x00000006c3b24810) 
thrown [src/hotspot/share/classfile/systemDictionary.cpp, line 295]
Event: 3.102 Thread 0x00000001468f6e00 Exception <a 'java/lang/ClassNotFoundException'{0x00000006c3b333a8}: org/springframework/context/annotation/ImportAwareCustomizer> (0x00000006c3b333a8) 
thrown [src/hotspot/share/classfile/systemDictionary.cpp, line 295]
Event: 3.102 Thread 0x00000001468f6e00 Exception <a 'java/lang/ClassNotFoundException'{0x00000006c3b38058}: org/springframework/beans/factory/AwareCustomizer> (0x00000006c3b38058) 
thrown [src/hotspot/share/classfile/systemDictionary.cpp, line 295]
Event: 3.102 Thread 0x00000001468f6e00 Exception <a 'java/lang/ClassNotFoundException'{0x00000006c3b3c100}: org/springframework/beans/factory/BeanClassLoaderAwareCustomizer> (0x00000006c3b3c100) 
thrown [src/hotspot/share/classfile/systemDictionary.cpp, line 295]
Event: 3.102 Thread 0x00000001468f6e00 Exception <a 'java/lang/ClassNotFoundException'{0x00000006c3b40dc0}: org/springframework/beans/factory/AwareCustomizer> (0x00000006c3b40dc0) 
thrown [src/hotspot/share/classfile/systemDictionary.cpp, line 295]
Event: 3.123 Thread 0x00000001468f6e00 Exception <a 'java/lang/NoSuchMethodError'{0x00000006c395cfd0}: 'void java.lang.invoke.DirectMethodHandle$Holder.invokeStatic(java.lang.Object)'> (0x00000006c395cfd0) 
thrown [src/hotspot/share/interpreter/linkResolver.cpp, line 782]
Event: 3.135 Thread 0x00000001468f6e00 Implicit null exception at 0x0000000114fcb77c to 0x0000000114fcb820
Event: 3.136 Thread 0x00000001468f6e00 Implicit null exception at 0x00000001151aa0fc to 0x00000001151aa24c
Event: 3.182 Thread 0x00000001468f6e00 Exception <a 'java/lang/ClassNotFoundException'{0x00000006cc3aafe0}: java/lang/ObjectCustomizer> (0x00000006cc3aafe0) 
thrown [src/hotspot/share/classfile/systemDictionary.cpp, line 295]
Event: 3.182 Thread 0x00000001468f6e00 Exception <a 'java/lang/ClassNotFoundException'{0x00000006cc3b2d18}: org/springframework/security/config/annotation/web/configuration/HttpSecurityConfigurationCustomizer> (0x00000006cc3b2d18) 
thrown [src/hotspot/share/classfile/systemDictionary.cpp, line 295]

Events (20 events):
Event: 3.223 loading class org/joda/time$YearMonth done
Event: 3.224 loading class org/springframework/http/converter/xml/MappingJackson2XmlHttpMessageConverter
Event: 3.224 loading class org/springframework/http/converter/xml/MappingJackson2XmlHttpMessageConverter done
Event: 3.225 loading class com/jayway/jsonpath/DocumentContext
Event: 3.225 loading class com/jayway/jsonpath/DocumentContext done
Event: 3.225 loading class com/jayway/jsonpath$DocumentContext
Event: 3.225 loading class com/jayway/jsonpath$DocumentContext done
Event: 3.225 loading class org/xmlbeam/XBProjector
Event: 3.225 loading class org/xmlbeam/XBProjector done
Event: 3.225 loading class org/xmlbeam$XBProjector
Event: 3.225 loading class org/xmlbeam$XBProjector done
Event: 3.225 loading class org/springframework/security/web/method/annotation/AuthenticationPrincipalArgumentResolver
Event: 3.225 loading class org/springframework/security/web/method/annotation/AuthenticationPrincipalArgumentResolver done
Event: 3.226 loading class org/springframework/security/web/bind/support/AuthenticationPrincipalArgumentResolver
Event: 3.226 loading class org/springframework/security/web/bind/support/AuthenticationPrincipalArgumentResolver done
Event: 3.226 loading class org/springframework/security/web/method/annotation/CurrentSecurityContextArgumentResolver
Event: 3.226 loading class org/springframework/security/web/method/annotation/CurrentSecurityContextArgumentResolver done
Event: 3.226 loading class org/springframework/security/web/method/annotation/CsrfTokenArgumentResolver
Event: 3.226 loading class org/springframework/security/web/method/annotation/CsrfTokenArgumentResolver done
Event: 3.226 Executing VM operation: HandshakeAllThreads


Dynamic libraries:
0x000000019a67c000 	/usr/lib/libz.1.dylib
0x0000000100630000 	/Users/tabismacbook/Library/Java/JavaVirtualMachines/azul-15.0.5/Contents/Home/lib/libjli.dylib
0x00000001a4ba5000 	/System/Library/Frameworks/Cocoa.framework/Versions/A/Cocoa
0x0000000192abe000 	/System/Library/Frameworks/Security.framework/Versions/A/Security
0x00000001a2f11000 	/System/Library/Frameworks/ApplicationServices.framework/Versions/A/ApplicationServices
0x000000019a722000 	/usr/lib/libSystem.B.dylib
0x000000019a71c000 	/usr/lib/system/libcache.dylib
0x000000019a6db000 	/usr/lib/system/libcommonCrypto.dylib
0x000000019a705000 	/usr/lib/system/libcompiler_rt.dylib
0x000000019a6fc000 	/usr/lib/system/libcopyfile.dylib
0x0000000190a34000 	/usr/lib/system/libcorecrypto.dylib
0x0000000190ad4000 	/usr/lib/system/libdispatch.dylib
0x0000000190c8d000 	/usr/lib/system/libdyld.dylib
0x000000019a712000 	/usr/lib/system/libkeymgr.dylib
0x000000019db41000 	/usr/lib/system/liblaunch.dylib
0x000000019a6bd000 	/usr/lib/system/libmacho.dylib
0x0000000199f2f000 	/usr/lib/system/libquarantine.dylib
0x000000019a70f000 	/usr/lib/system/libremovefile.dylib
0x000000019551e000 	/usr/lib/system/libsystem_asl.dylib
0x00000001909e2000 	/usr/lib/system/libsystem_blocks.dylib
0x0000000190b56000 	/usr/lib/system/libsystem_c.dylib
0x000000019a709000 	/usr/lib/system/libsystem_collections.dylib
0x0000000199569000 	/usr/lib/system/libsystem_configuration.dylib
0x00000001988eb000 	/usr/lib/system/libsystem_containermanager.dylib
0x000000019a492000 	/usr/lib/system/libsystem_coreservices.dylib
0x0000000193097000 	/usr/lib/system/libsystem_darwin.dylib
0x000000019a713000 	/usr/lib/system/libsystem_dnssd.dylib
0x0000000190b53000 	/usr/lib/system/libsystem_featureflags.dylib
0x0000000190cd6000 	/usr/lib/system/libsystem_info.dylib
0x000000019a68e000 	/usr/lib/system/libsystem_m.dylib
0x0000000190aa8000 	/usr/lib/system/libsystem_malloc.dylib
0x00000001954b9000 	/usr/lib/system/libsystem_networkextension.dylib
0x00000001934da000 	/usr/lib/system/libsystem_notify.dylib
0x000000019fff5000 	/usr/lib/system/libsystem_product_info_filter.dylib
0x000000019956e000 	/usr/lib/system/libsystem_sandbox.dylib
0x000000019a70c000 	/usr/lib/system/libsystem_secinit.dylib
0x0000000190c4c000 	/usr/lib/system/libsystem_kernel.dylib
0x0000000190ccf000 	/usr/lib/system/libsystem_platform.dylib
0x0000000190c80000 	/usr/lib/system/libsystem_pthread.dylib
0x0000000196a8f000 	/usr/lib/system/libsystem_symptoms.dylib
0x0000000190a1c000 	/usr/lib/system/libsystem_trace.dylib
0x000000019a6e9000 	/usr/lib/system/libunwind.dylib
0x00000001909e4000 	/usr/lib/system/libxpc.dylib
0x0000000190c34000 	/usr/lib/libc++abi.dylib
0x0000000190b19000 	/usr/lib/libobjc.A.dylib
0x000000019a6f4000 	/usr/lib/liboah.dylib
0x0000000190bd8000 	/usr/lib/libc++.1.dylib
0x0000000190d02000 	/System/Library/Frameworks/CoreFoundation.framework/Versions/A/CoreFoundation
0x0000000191aca000 	/System/Library/Frameworks/Foundation.framework/Versions/C/Foundation
0x0000000193534000 	/System/Library/Frameworks/AppKit.framework/Versions/C/AppKit
0x0000000196358000 	/System/Library/Frameworks/CoreData.framework/Versions/A/CoreData
0x0000000194276000 	/System/Library/PrivateFrameworks/UIFoundation.framework/Versions/A/UIFoundation
0x000000019fd87000 	/System/Library/PrivateFrameworks/RemoteViewServices.framework/Versions/A/RemoteViewServices
0x0000000198f9c000 	/System/Library/PrivateFrameworks/XCTTargetBootstrap.framework/Versions/A/XCTTargetBootstrap
0x000000019b8dd000 	/usr/lib/libspindump.dylib
0x000000019449d000 	/System/Library/Frameworks/UniformTypeIdentifiers.framework/Versions/A/UniformTypeIdentifiers
0x0000000197584000 	/usr/lib/libapp_launch_measurement.dylib
0x0000000197587000 	/System/Library/PrivateFrameworks/CoreAutoLayout.framework/Versions/A/CoreAutoLayout
0x0000000198919000 	/System/Library/Frameworks/Metal.framework/Versions/A/Metal
0x0000000199579000 	/usr/lib/liblangid.dylib
0x0000000198fa0000 	/System/Library/PrivateFrameworks/CoreSVG.framework/Versions/A/CoreSVG
0x0000000195550000 	/System/Library/PrivateFrameworks/SkyLight.framework/Versions/A/SkyLight
0x00000001958bf000 	/System/Library/Frameworks/CoreGraphics.framework/Versions/A/CoreGraphics
0x00000001a02a7000 	/System/Library/Frameworks/Accelerate.framework/Versions/A/Accelerate
0x000000019b337000 	/System/Library/PrivateFrameworks/IconServices.framework/Versions/A/IconServices
0x00000001988fd000 	/System/Library/Frameworks/IOSurface.framework/Versions/A/IOSurface
0x0000000196c27000 	/usr/lib/libDiagnosticMessagesClient.dylib
0x0000000198f84000 	/System/Library/PrivateFrameworks/DFRFoundation.framework/Versions/A/DFRFoundation
0x0000000192e25000 	/usr/lib/libicucore.A.dylib
0x000000019ce2b000 	/System/Library/Frameworks/AudioToolbox.framework/Versions/A/AudioToolbox
0x000000019c03e000 	/System/Library/PrivateFrameworks/DataDetectorsCore.framework/Versions/A/DataDetectorsCore
0x00000001954cb000 	/usr/lib/libMobileGestalt.dylib
0x0000000198c79000 	/System/Library/Frameworks/Carbon.framework/Versions/A/Frameworks/HIToolbox.framework/Versions/A/HIToolbox
0x0000000197022000 	/System/Library/Frameworks/QuartzCore.framework/Versions/A/QuartzCore
0x000000019fdbf000 	/System/Library/Frameworks/Carbon.framework/Versions/A/Frameworks/SpeechRecognition.framework/Versions/A/SpeechRecognition
0x0000000197322000 	/System/Library/PrivateFrameworks/CoreUI.framework/Versions/A/CoreUI
0x00000001924a3000 	/System/Library/Frameworks/CoreAudio.framework/Versions/A/CoreAudio
0x0000000196d10000 	/System/Library/Frameworks/DiskArbitration.framework/Versions/A/DiskArbitration
0x000000019bc90000 	/System/Library/PrivateFrameworks/MultitouchSupport.framework/Versions/A/MultitouchSupport
0x000000019c035000 	/System/Library/PrivateFrameworks/InternationalSupport.framework/Versions/A/InternationalSupport
0x00000001954c9000 	/usr/lib/libenergytrace.dylib
0x000000019340e000 	/System/Library/Frameworks/IOKit.framework/Versions/A/IOKit
0x00000001a00ea000 	/System/Library/Frameworks/CoreServices.framework/Versions/A/CoreServices
0x000000019751a000 	/System/Library/PrivateFrameworks/PerformanceAnalysis.framework/Versions/A/PerformanceAnalysis
0x00000001d2d49000 	/System/Library/Frameworks/OpenGL.framework/Versions/A/OpenGL
0x000000019c0b3000 	/System/Library/PrivateFrameworks/UserActivity.framework/Versions/A/UserActivity
0x0000000195ead000 	/System/Library/Frameworks/ColorSync.framework/Versions/A/ColorSync
0x00000001991eb000 	/System/Library/Frameworks/CoreImage.framework/Versions/A/CoreImage
0x00000001922d3000 	/System/Library/Frameworks/CoreText.framework/Versions/A/CoreText
0x0000000198fcb000 	/System/Library/Frameworks/ImageIO.framework/Versions/A/ImageIO
0x000000019a728000 	/System/Library/PrivateFrameworks/SoftLinking.framework/Versions/A/SoftLinking
0x00000001975ca000 	/usr/lib/libxml2.2.dylib
0x000000019a9a8000 	/usr/lib/libcompression.dylib
0x000000019bf81000 	/System/Library/PrivateFrameworks/TextureIO.framework/Versions/A/TextureIO
0x000000019b093000 	/usr/lib/libate.dylib
0x000000019aedc000 	/usr/lib/liblzma.5.dylib
0x00000001917df000 	/System/Library/Frameworks/SystemConfiguration.framework/Versions/A/SystemConfiguration
0x000000019a724000 	/usr/lib/libfakelink.dylib
0x0000000195030000 	/System/Library/Frameworks/CFNetwork.framework/Versions/A/CFNetwork
0x000000019a86e000 	/usr/lib/libarchive.2.dylib
0x0000000191867000 	/usr/lib/libCRFSuite.dylib
0x0000000199f59000 	/usr/lib/libbsm.0.dylib
0x00000001948e7000 	/usr/lib/libnetwork.dylib
0x000000019a729000 	/usr/lib/libpcap.A.dylib
0x0000000196a87000 	/usr/lib/libdns_services.dylib
0x000000019aef5000 	/usr/lib/libcoretls_cfhelpers.dylib
0x000000019a977000 	/usr/lib/libapple_nghttp2.dylib
0x000000019a6c3000 	/usr/lib/system/libkxld.dylib
0x0000000196718000 	/usr/lib/libsqlite3.dylib
0x000000019a475000 	/System/Library/PrivateFrameworks/AppleFSCompression.framework/Versions/A/AppleFSCompression
0x0000000199f42000 	/usr/lib/libcoretls.dylib
0x000000019a9a3000 	/usr/lib/libpam.2.dylib
0x000000019afdc000 	/usr/lib/libxar.1.dylib
0x0000000199575000 	/System/Library/PrivateFrameworks/AppleSystemInfo.framework/Versions/A/AppleSystemInfo
0x0000000199b92000 	/System/Library/PrivateFrameworks/IOMobileFramebuffer.framework/Versions/A/IOMobileFramebuffer
0x000000019a485000 	/usr/lib/libbz2.1.0.dylib
0x000000019a765000 	/usr/lib/libiconv.2.dylib
0x000000019a6bc000 	/usr/lib/libcharset.1.dylib
0x0000000197553000 	/System/Library/Frameworks/CoreServices.framework/Versions/A/Frameworks/FSEvents.framework/Versions/A/FSEvents
0x00000001930a2000 	/System/Library/Frameworks/CoreServices.framework/Versions/A/Frameworks/CarbonCore.framework/Versions/A/CarbonCore
0x0000000196c76000 	/System/Library/Frameworks/CoreServices.framework/Versions/A/Frameworks/Metadata.framework/Versions/A/Metadata
0x000000019a497000 	/System/Library/Frameworks/CoreServices.framework/Versions/A/Frameworks/OSServices.framework/Versions/A/OSServices
0x000000019a8df000 	/System/Library/Frameworks/CoreServices.framework/Versions/A/Frameworks/SearchKit.framework/Versions/A/SearchKit
0x0000000196a13000 	/System/Library/Frameworks/CoreServices.framework/Versions/A/Frameworks/AE.framework/Versions/A/AE
0x00000001911b1000 	/System/Library/Frameworks/CoreServices.framework/Versions/A/Frameworks/LaunchServices.framework/Versions/A/LaunchServices
0x000000019ae89000 	/System/Library/Frameworks/CoreServices.framework/Versions/A/Frameworks/DictionaryServices.framework/Versions/A/DictionaryServices
0x0000000197560000 	/System/Library/Frameworks/CoreServices.framework/Versions/A/Frameworks/SharedFileList.framework/Versions/A/SharedFileList
0x0000000199f32000 	/usr/lib/libCheckFix.dylib
0x0000000195536000 	/System/Library/PrivateFrameworks/TCC.framework/Versions/A/TCC
0x000000019957b000 	/System/Library/PrivateFrameworks/CoreNLP.framework/Versions/A/CoreNLP
0x0000000196c2a000 	/System/Library/PrivateFrameworks/MetadataUtilities.framework/Versions/A/MetadataUtilities
0x000000019189b000 	/usr/lib/libmecabra.dylib
0x000000019a218000 	/System/Library/Frameworks/MLCompute.framework/Versions/A/MLCompute
0x0000000199f6a000 	/usr/lib/libmecab.dylib
0x0000000199fb0000 	/usr/lib/libgermantok.dylib
0x000000019a950000 	/usr/lib/libThaiTokenizer.dylib
0x000000019b018000 	/usr/lib/libChineseTokenizer.dylib
0x000000019a9a1000 	/System/Library/Frameworks/MetalPerformanceShaders.framework/Versions/A/MetalPerformanceShaders
0x0000000196d17000 	/System/Library/Frameworks/Accelerate.framework/Versions/A/Frameworks/vImage.framework/Versions/A/vImage
0x00000001a00c8000 	/System/Library/Frameworks/Accelerate.framework/Versions/A/Frameworks/vecLib.framework/Versions/A/vecLib
0x000000019b023000 	/System/Library/Frameworks/Accelerate.framework/Versions/A/Frameworks/vecLib.framework/Versions/A/libvMisc.dylib
0x0000000199ad0000 	/System/Library/Frameworks/Accelerate.framework/Versions/A/Frameworks/vecLib.framework/Versions/A/libvDSP.dylib
0x00000001914c5000 	/System/Library/Frameworks/Accelerate.framework/Versions/A/Frameworks/vecLib.framework/Versions/A/libBLAS.dylib
0x000000019a9cc000 	/System/Library/Frameworks/Accelerate.framework/Versions/A/Frameworks/vecLib.framework/Versions/A/libLAPACK.dylib
0x0000000199fb5000 	/System/Library/Frameworks/Accelerate.framework/Versions/A/Frameworks/vecLib.framework/Versions/A/libLinearAlgebra.dylib
0x000000019a98e000 	/System/Library/Frameworks/Accelerate.framework/Versions/A/Frameworks/vecLib.framework/Versions/A/libSparseBLAS.dylib
0x000000019a9c7000 	/System/Library/Frameworks/Accelerate.framework/Versions/A/Frameworks/vecLib.framework/Versions/A/libQuadrature.dylib
0x0000000199611000 	/System/Library/Frameworks/Accelerate.framework/Versions/A/Frameworks/vecLib.framework/Versions/A/libBNNS.dylib
0x000000019177b000 	/System/Library/Frameworks/Accelerate.framework/Versions/A/Frameworks/vecLib.framework/Versions/A/libSparse.dylib
0x0000000199504000 	/System/Library/Frameworks/MetalPerformanceShaders.framework/Versions/A/Frameworks/MPSCore.framework/Versions/A/MPSCore
0x000000019a3ed000 	/System/Library/Frameworks/MetalPerformanceShaders.framework/Versions/A/Frameworks/MPSImage.framework/Versions/A/MPSImage
0x0000000199fca000 	/System/Library/Frameworks/MetalPerformanceShaders.framework/Versions/A/Frameworks/MPSNeuralNetwork.framework/Versions/A/MPSNeuralNetwork
0x000000019a36b000 	/System/Library/Frameworks/MetalPerformanceShaders.framework/Versions/A/Frameworks/MPSMatrix.framework/Versions/A/MPSMatrix
0x000000019a1ce000 	/System/Library/Frameworks/MetalPerformanceShaders.framework/Versions/A/Frameworks/MPSRayIntersector.framework/Versions/A/MPSRayIntersector
0x000000019a39a000 	/System/Library/Frameworks/MetalPerformanceShaders.framework/Versions/A/Frameworks/MPSNDArray.framework/Versions/A/MPSNDArray
0x00000001913ea000 	/System/Library/PrivateFrameworks/MetalTools.framework/Versions/A/MetalTools
0x0000000199573000 	/System/Library/PrivateFrameworks/AggregateDictionary.framework/Versions/A/AggregateDictionary
0x0000000196bf4000 	/System/Library/PrivateFrameworks/CoreAnalytics.framework/Versions/A/CoreAnalytics
0x000000019a952000 	/System/Library/PrivateFrameworks/AppleSauce.framework/Versions/A/AppleSauce
0x000000019890f000 	/System/Library/PrivateFrameworks/IOAccelerator.framework/Versions/A/IOAccelerator
0x00000001d2d3c000 	/System/Library/Frameworks/OpenGL.framework/Versions/A/Libraries/libCoreFSCache.dylib
0x0000000191e57000 	/System/Library/PrivateFrameworks/LanguageModeling.framework/Versions/A/LanguageModeling
0x0000000199b7f000 	/System/Library/PrivateFrameworks/CoreEmoji.framework/Versions/A/CoreEmoji
0x0000000199609000 	/System/Library/PrivateFrameworks/LinguisticData.framework/Versions/A/LinguisticData
0x0000000191730000 	/System/Library/PrivateFrameworks/Lexicon.framework/Versions/A/Lexicon
0x000000019a85b000 	/usr/lib/libcmph.dylib
0x0000000197533000 	/System/Library/Frameworks/OpenDirectory.framework/Versions/A/Frameworks/CFOpenDirectory.framework/Versions/A/CFOpenDirectory
0x0000000197525000 	/System/Library/Frameworks/OpenDirectory.framework/Versions/A/OpenDirectory
0x000000019aef7000 	/System/Library/PrivateFrameworks/APFS.framework/Versions/A/APFS
0x0000000199e9b000 	/System/Library/Frameworks/SecurityFoundation.framework/Versions/A/SecurityFoundation
0x000000019afea000 	/usr/lib/libutil.dylib
0x00000001933d2000 	/System/Library/PrivateFrameworks/CoreServicesStore.framework/Versions/A/CoreServicesStore
0x0000000199f29000 	/System/Library/Frameworks/ServiceManagement.framework/Versions/A/ServiceManagement
0x000000019afee000 	/usr/lib/libxslt.1.dylib
0x0000000199f1f000 	/System/Library/PrivateFrameworks/BackgroundTaskManagement.framework/Versions/A/BackgroundTaskManagement
0x000000019bed0000 	/System/Library/Frameworks/ImageIO.framework/Versions/A/Resources/libRadiance.dylib
0x000000019bed9000 	/System/Library/Frameworks/ImageIO.framework/Versions/A/Resources/libJPEG.dylib
0x000000019be2d000 	/System/Library/Frameworks/ImageIO.framework/Versions/A/Resources/libPng.dylib
0x000000019be4f000 	/System/Library/Frameworks/ImageIO.framework/Versions/A/Resources/libTIFF.dylib
0x000000019bf2a000 	/System/Library/Frameworks/ImageIO.framework/Versions/A/Resources/libGIF.dylib
0x000000019bbaa000 	/System/Library/Frameworks/ImageIO.framework/Versions/A/Resources/libJP2.dylib
0x000000019b300000 	/usr/lib/libexpat.1.dylib
0x000000019bb66000 	/System/Library/PrivateFrameworks/AppleJPEG.framework/Versions/A/AppleJPEG
0x0000000198b20000 	/System/Library/PrivateFrameworks/FontServices.framework/libFontParser.dylib
0x00000001969c5000 	/System/Library/PrivateFrameworks/RunningBoardServices.framework/Versions/A/RunningBoardServices
0x00000001a50dc000 	/System/Library/PrivateFrameworks/IOSurfaceAccelerator.framework/Versions/A/IOSurfaceAccelerator
0x000000019bc8c000 	/System/Library/PrivateFrameworks/WatchdogClient.framework/Versions/A/WatchdogClient
0x0000000191f47000 	/System/Library/Frameworks/CoreDisplay.framework/Versions/A/CoreDisplay
0x0000000198a28000 	/System/Library/Frameworks/CoreMedia.framework/Versions/A/CoreMedia
0x00000001976b7000 	/System/Library/Frameworks/CoreVideo.framework/Versions/A/CoreVideo
0x000000019bcc9000 	/System/Library/Frameworks/VideoToolbox.framework/Versions/A/VideoToolbox
0x0000000196942000 	/System/Library/PrivateFrameworks/BaseBoard.framework/Versions/A/BaseBoard
0x000000019b43e000 	/System/Library/PrivateFrameworks/PersistentConnection.framework/Versions/A/PersistentConnection
0x0000000196701000 	/System/Library/PrivateFrameworks/ProtocolBuffer.framework/Versions/A/ProtocolBuffer
0x000000019692b000 	/System/Library/PrivateFrameworks/CommonUtilities.framework/Versions/A/CommonUtilities
0x000000019bb2b000 	/System/Library/PrivateFrameworks/Bom.framework/Versions/A/Bom
0x000000019becb000 	/System/Library/PrivateFrameworks/GPUWrangler.framework/Versions/A/GPUWrangler
0x000000019beac000 	/System/Library/PrivateFrameworks/IOPresentment.framework/Versions/A/IOPresentment
0x000000019bed3000 	/System/Library/PrivateFrameworks/DSExternalDisplay.framework/Versions/A/DSExternalDisplay
0x000000019bf2f000 	/System/Library/PrivateFrameworks/CMCaptureCore.framework/Versions/A/CMCaptureCore
0x000000019b8c6000 	/System/Library/PrivateFrameworks/AppServerSupport.framework/Versions/A/AppServerSupport
0x000000019d8fb000 	/System/Library/PrivateFrameworks/perfdata.framework/Versions/A/perfdata
0x0000000199e8b000 	/System/Library/PrivateFrameworks/AssertionServices.framework/Versions/A/AssertionServices
0x000000019206a000 	/System/Library/PrivateFrameworks/AudioToolboxCore.framework/Versions/A/AudioToolboxCore
0x0000000198a08000 	/System/Library/PrivateFrameworks/caulk.framework/Versions/A/caulk
0x00000001ac729000 	/System/Library/PrivateFrameworks/SystemPolicy.framework/Versions/A/SystemPolicy
0x000000019b125000 	/usr/lib/libIOReport.dylib
0x000000019d197000 	/usr/lib/libSMC.dylib
0x000000019bdfa000 	/usr/lib/libAudioToolboxUtility.dylib
0x00000001ad0b6000 	/usr/lib/libmis.dylib
0x00000001d2d9e000 	/System/Library/Frameworks/OpenGL.framework/Versions/A/Libraries/libGLU.dylib
0x00000001d2d5c000 	/System/Library/Frameworks/OpenGL.framework/Versions/A/Libraries/libGFXShared.dylib
0x00000001d2f44000 	/System/Library/Frameworks/OpenGL.framework/Versions/A/Libraries/libGL.dylib
0x00000001d2d65000 	/System/Library/Frameworks/OpenGL.framework/Versions/A/Libraries/libGLImage.dylib
0x00000001d2d59000 	/System/Library/Frameworks/OpenGL.framework/Versions/A/Libraries/libCVMSPluginSupport.dylib
0x00000001d2d43000 	/System/Library/Frameworks/OpenGL.framework/Versions/A/Libraries/libCoreVMClient.dylib
0x00000001a3c16000 	/System/Library/PrivateFrameworks/ASEProcessing.framework/Versions/A/ASEProcessing
0x000000019b465000 	/System/Library/PrivateFrameworks/GraphVisualizer.framework/Versions/A/GraphVisualizer
0x000000019b473000 	/System/Library/PrivateFrameworks/FaceCore.framework/Versions/A/FaceCore
0x000000019b886000 	/System/Library/PrivateFrameworks/OTSVG.framework/Versions/A/OTSVG
0x00000001972e0000 	/System/Library/Frameworks/ApplicationServices.framework/Versions/A/Frameworks/ATS.framework/Versions/A/Resources/libFontRegistry.dylib
0x000000019b8ce000 	/System/Library/PrivateFrameworks/FontServices.framework/libhvf.dylib
0x00000001d30df000 	/System/Library/Frameworks/OpenCL.framework/Versions/A/OpenCL
0x000000019b2b4000 	/System/Library/PrivateFrameworks/AppleVA.framework/Versions/A/AppleVA
0x000000019cfe3000 	/System/Library/Frameworks/ApplicationServices.framework/Versions/A/Frameworks/ATS.framework/Versions/A/ATS
0x000000019d2f6000 	/System/Library/Frameworks/ApplicationServices.framework/Versions/A/Frameworks/ColorSyncLegacy.framework/Versions/A/ColorSyncLegacy
0x0000000195fa3000 	/System/Library/Frameworks/ApplicationServices.framework/Versions/A/Frameworks/HIServices.framework/Versions/A/HIServices
0x000000019d2d5000 	/System/Library/Frameworks/ApplicationServices.framework/Versions/A/Frameworks/LangAnalysis.framework/Versions/A/LangAnalysis
0x000000019bf39000 	/System/Library/Frameworks/ApplicationServices.framework/Versions/A/Frameworks/PrintCore.framework/Versions/A/PrintCore
0x000000019d2fe000 	/System/Library/Frameworks/ApplicationServices.framework/Versions/A/Frameworks/QD.framework/Versions/A/QD
0x000000019cfcf000 	/System/Library/Frameworks/ApplicationServices.framework/Versions/A/Frameworks/SpeechSynthesis.framework/Versions/A/SpeechSynthesis
0x000000019befa000 	/System/Library/Frameworks/ApplicationServices.framework/Versions/A/Frameworks/ATSUI.framework/Versions/A/ATSUI
0x000000019d277000 	/usr/lib/libcups.2.dylib
0x000000019d2e9000 	/System/Library/PrivateFrameworks/NetAuth.framework/Versions/A/NetAuth
0x000000019d915000 	/System/Library/Frameworks/Kerberos.framework/Versions/A/Kerberos
0x000000019d926000 	/System/Library/Frameworks/GSS.framework/Versions/A/GSS
0x000000019d052000 	/usr/lib/libresolv.9.dylib
0x000000019b8e4000 	/System/Library/PrivateFrameworks/Heimdal.framework/Versions/A/Heimdal
0x00000001a3201000 	/System/Library/Frameworks/Kerberos.framework/Versions/A/Libraries/libHeimdalProxy.dylib
0x0000000196a97000 	/System/Library/Frameworks/Network.framework/Versions/A/Network
0x000000019b31b000 	/usr/lib/libheimdal-asn1.dylib
0x000000019d96e000 	/System/Library/PrivateFrameworks/CommonAuth.framework/Versions/A/CommonAuth
0x000000019770b000 	/System/Library/PrivateFrameworks/login.framework/Versions/A/Frameworks/loginsupport.framework/Versions/A/loginsupport
0x000000019cf54000 	/System/Library/PrivateFrameworks/AudioSession.framework/Versions/A/AudioSession
0x000000019cfbc000 	/usr/lib/libAudioStatistics.dylib
0x000000019b39b000 	/System/Library/PrivateFrameworks/MediaExperience.framework/Versions/A/MediaExperience
0x000000019cdf5000 	/System/Library/PrivateFrameworks/AudioSession.framework/libSessionUtility.dylib
0x000000019d907000 	/usr/lib/libperfcheck.dylib
0x000000019d30a000 	/System/Library/PrivateFrameworks/AudioResourceArbitration.framework/Versions/A/AudioResourceArbitration
0x000000019b324000 	/System/Library/PrivateFrameworks/IconFoundation.framework/Versions/A/IconFoundation
0x000000019fdaf000 	/System/Library/PrivateFrameworks/SpeechRecognitionCore.framework/Versions/A/SpeechRecognitionCore
0x0000000105000000 	/Users/tabismacbook/Library/Java/JavaVirtualMachines/azul-15.0.5/Contents/Home/lib/server/libjvm.dylib
0x000000010068c000 	/Users/tabismacbook/Library/Java/JavaVirtualMachines/azul-15.0.5/Contents/Home/lib/libjimage.dylib
0x00000001006a8000 	/Users/tabismacbook/Library/Java/JavaVirtualMachines/azul-15.0.5/Contents/Home/lib/libjdwp.dylib
0x00000001006f0000 	/Users/tabismacbook/Library/Java/JavaVirtualMachines/azul-15.0.5/Contents/Home/lib/libjava.dylib
0x0000000100724000 	/Users/tabismacbook/Library/Java/JavaVirtualMachines/azul-15.0.5/Contents/Home/lib/libinstrument.dylib
0x0000000100784000 	/Users/tabismacbook/Library/Java/JavaVirtualMachines/azul-15.0.5/Contents/Home/lib/libzip.dylib
0x0000000100918000 	/Users/tabismacbook/Library/Java/JavaVirtualMachines/azul-15.0.5/Contents/Home/lib/libdt_socket.dylib
0x0000000100b20000 	/Users/tabismacbook/Library/Java/JavaVirtualMachines/azul-15.0.5/Contents/Home/lib/libnio.dylib
0x0000000100b40000 	/Users/tabismacbook/Library/Java/JavaVirtualMachines/azul-15.0.5/Contents/Home/lib/libnet.dylib
0x0000000100b64000 	/Users/tabismacbook/Library/Java/JavaVirtualMachines/azul-15.0.5/Contents/Home/lib/libverify.dylib
0x0000000100b80000 	/Users/tabismacbook/Library/Java/JavaVirtualMachines/azul-15.0.5/Contents/Home/lib/libmanagement.dylib
0x0000000100b94000 	/Users/tabismacbook/Library/Java/JavaVirtualMachines/azul-15.0.5/Contents/Home/lib/libmanagement_ext.dylib
0x0000000100ba8000 	/Users/tabismacbook/Library/Java/JavaVirtualMachines/azul-15.0.5/Contents/Home/lib/libextnet.dylib


VM Arguments:
jvm_args: -agentlib:jdwp=transport=dt_socket,address=127.0.0.1:58022,suspend=y,server=n -javaagent:/Users/tabismacbook/Library/Caches/JetBrains/IdeaIC2021.3/captureAgent/debugger-agent.jar -Dfile.encoding=UTF-8 
java_command: com.oldsailor.customerSrv.CustomerSrvApplicationKt
java_class_path (initial): /Users/tabismacbook/repos/projects/shipping_customer_receipt/target/classes:/Users/tabismacbook/.m2/repository/org/springframework/boot/spring-boot-starter-actuator/2.5.1/spring-boot-starter-actuator-2.5.1.jar:/Users/tabismacbook/.m2/repository/org/springframework/boot/spring-boot-starter/2.5.1/spring-boot-starter-2.5.1.jar:/Users/tabismacbook/.m2/repository/org/springframework/boot/spring-boot-starter-logging/2.5.1/spring-boot-starter-logging-2.5.1.jar:/Users/tabismacbook/.m2/repository/ch/qos/logback/logback-classic/1.2.3/logback-classic-1.2.3.jar:/Users/tabismacbook/.m2/repository/ch/qos/logback/logback-core/1.2.3/logback-core-1.2.3.jar:/Users/tabismacbook/.m2/repository/org/apache/logging/log4j/log4j-to-slf4j/2.14.1/log4j-to-slf4j-2.14.1.jar:/Users/tabismacbook/.m2/repository/org/apache/logging/log4j/log4j-api/2.14.1/log4j-api-2.14.1.jar:/Users/tabismacbook/.m2/repository/org/slf4j/jul-to-slf4j/1.7.30/jul-to-slf4j-1.7.30.jar:/Users/tabismacbook/.m2/repository/jakarta/annotation/jakarta.annotation-api/1.3.5/jakarta.annotation-api-1.3.5.jar:/Users/tabismacbook/.m2/repository/org/yaml/snakeyaml/1.28/snakeyaml-1.28.jar:/Users/tabismacbook/.m2/repository/org/springframework/boot/spring-boot-actuator-autoconfigure/2.5.1/spring-boot-actuator-autoconfigure-2.5.1.jar:/Users/tabismacbook/.m2/repository/org/springframework/boot/spring-boot-actuator/2.5.1/spring-boot-actuator-2.5.1.jar:/Users/tabismacbook/.m2/repository/com/fasterxml/jackson/datatype/jackson-datatype-jsr310/2.12.3/jackson-datatype-jsr310-2.12.3.jar:/Users/tabismacbook/.m2/repository/io/micrometer/micrometer-core/1.7.0/micrometer-core-1.7.0.jar:/Users/tabismacbook/.m2/repository/org/hdrhistogram/HdrHistogram/2.1.12/HdrHistogram-2.1.12.jar:/Users/tabismacbook/.m2/repository/org/latencyutils/LatencyUtils/2.0.3/LatencyUtils-2.0.3.jar:/Users/tabismacbook/.m2/repository/org/springframework/boot/spring-boot-starter-data-jpa/2.5.1/spring-boot-starter-data-jpa-2.5.1.jar:/Users/tabismacbo
Launcher Type: SUN_STANDARD

[Global flags]
     intx CICompilerCount                          = 4                                         {product} {ergonomic}
     uint ConcGCThreads                            = 2                                         {product} {ergonomic}
     uint G1ConcRefinementThreads                  = 8                                         {product} {ergonomic}
   size_t G1HeapRegionSize                         = 2097152                                   {product} {ergonomic}
    uintx GCDrainStackTargetSize                   = 64                                        {product} {ergonomic}
   size_t InitialHeapSize                          = 268435456                                 {product} {ergonomic}
   size_t MarkStackSize                            = 4194304                                   {product} {ergonomic}
   size_t MaxHeapSize                              = 4294967296                                {product} {ergonomic}
   size_t MaxNewSize                               = 2575302656                                {product} {ergonomic}
   size_t MinHeapDeltaBytes                        = 2097152                                   {product} {ergonomic}
   size_t MinHeapSize                              = 8388608                                   {product} {ergonomic}
    uintx NonNMethodCodeHeapSize                   = 5839564                                {pd product} {ergonomic}
    uintx NonProfiledCodeHeapSize                  = 122909338                              {pd product} {ergonomic}
    uintx ProfiledCodeHeapSize                     = 122909338                              {pd product} {ergonomic}
    uintx ReservedCodeCacheSize                    = 251658240                              {pd product} {ergonomic}
     bool SegmentedCodeCache                       = true                                      {product} {ergonomic}
   size_t SoftMaxHeapSize                          = 4294967296                             {manageable} {ergonomic}
     bool UseCompressedClassPointers               = true                                 {lp64_product} {ergonomic}
     bool UseCompressedOops                        = true                                 {lp64_product} {ergonomic}
     bool UseG1GC                                  = true                                      {product} {ergonomic}
     bool UseNUMA                                  = false                                     {product} {ergonomic}
     bool UseNUMAInterleaving                      = false                                     {product} {ergonomic}

Logging:
Log output configuration:
 #0: stdout all=warning uptime,level,tags
 #1: stderr all=off uptime,level,tags

Environment Variables:
PATH=/opt/homebrew/bin:/opt/homebrew/sbin:/usr/local/bin:/usr/bin:/bin:/usr/sbin:/sbin
SHELL=/bin/zsh
LC_CTYPE=en_PK.UTF-8

Signal Handlers:
SIGSEGV: [libjvm.dylib+0x921ea8], sa_mask[0]=11111111011111110111111111111111, sa_flags=SA_ONSTACK|SA_RESTART|SA_SIGINFO
SIGBUS: [libjvm.dylib+0x921ea8], sa_mask[0]=11111111011111110111111111111111, sa_flags=SA_RESTART|SA_SIGINFO
SIGFPE: [libjvm.dylib+0x921ea8], sa_mask[0]=11111111011111110111111111111111, sa_flags=SA_RESTART|SA_SIGINFO
SIGPIPE: [libjvm.dylib+0x7133a4], sa_mask[0]=11111111011111110111111111111111, sa_flags=SA_RESTART|SA_SIGINFO
SIGXFSZ: [libjvm.dylib+0x7133a4], sa_mask[0]=11111111011111110111111111111111, sa_flags=SA_RESTART|SA_SIGINFO
SIGILL: [libjvm.dylib+0x921ea8], sa_mask[0]=11111111011111110111111111111111, sa_flags=SA_RESTART|SA_SIGINFO
SIGUSR2: [libjvm.dylib+0x713dd8], sa_mask[0]=00100000000000000000000000000000, sa_flags=SA_RESTART|SA_SIGINFO
SIGHUP: [libjvm.dylib+0x71241c], sa_mask[0]=11111111011111110111111111111111, sa_flags=SA_RESTART|SA_SIGINFO
SIGINT: [libjvm.dylib+0x71241c], sa_mask[0]=11111111011111110111111111111111, sa_flags=SA_RESTART|SA_SIGINFO
SIGTERM: [libjvm.dylib+0x71241c], sa_mask[0]=11111111011111110111111111111111, sa_flags=SA_RESTART|SA_SIGINFO
SIGQUIT: [libjvm.dylib+0x71241c], sa_mask[0]=11111111011111110111111111111111, sa_flags=SA_RESTART|SA_SIGINFO


---------------  S Y S T E M  ---------------

OS:uname: Darwin 20.6.0 Darwin Kernel Version 20.6.0: Mon Aug 30 06:12:20 PDT 2021; root:xnu-7195.141.6~3/RELEASE_ARM64_T8101 arm64
OS uptime: 11 days 4:19 hours
rlimit (soft/hard): STACK 8176k/65520k , CORE 0k/infinity , NPROC 2666/4000 , NOFILE 10240/infinity , AS infinity/infinity , CPU infinity/infinity , DATA infinity/infinity , FSIZE infinity/infinity , MEMLOCK infinity/infinity , RSS infinity/infinity
load average: 2.80 2.78 2.72

CPU: total 8 (initial active 8) 0x61:0x0:0x1b588bb3:0, simd, crc, lse

Memory: 16k page, physical 16777216k(94192k free), swap 5242880k(895744k free)

vm_info: OpenJDK 64-Bit Server VM (15.0.5+3-MTS) for bsd-aarch64 JRE (15.0.5+3-MTS) (Zulu15.36+13-CA), built on Oct  8 2021 04:00:01 by "zulu_re" with clang Apple LLVM 12.0.0 (clang-1200.0.32.28)

END.
